2015-03-20 20:24:00 Notice: Notice (8): Use of undefined constant php - assumed 'php' in [/opt/lampp/htdocs/cake/app/views/layouts/default.ctp, line 3]
2015-03-20 20:24:00 Notice: Notice (8): Undefined variable: javascript in [/opt/lampp/htdocs/cake/app/views/layouts/default.ctp, line 4]
2015-03-20 20:24:31 Notice: Notice (8): Undefined variable: javascript in [/opt/lampp/htdocs/cake/app/views/layouts/default.ctp, line 4]
2015-03-20 20:25:07 Notice: Notice (8): Undefined variable: js in [/opt/lampp/htdocs/cake/app/views/layouts/default.ctp, line 4]
2015-03-20 20:25:20 Notice: Notice (8): Undefined variable: javascript in [/opt/lampp/htdocs/cake/app/views/layouts/default.ctp, line 4]
2015-03-20 20:26:37 Notice: Notice (8): Undefined variable: javascript in [/opt/lampp/htdocs/cake/app/views/layouts/default.ctp, line 4]
2015-03-20 20:27:02 Notice: Notice (8): Undefined variable: javascript in [/opt/lampp/htdocs/cake/app/views/layouts/default.ctp, line 4]
2015-03-23 16:43:31 Notice: Notice (8): Use of undefined constant transfers - assumed 'transfers' in [/opt/lampp/htdocs/cake/app/views/test/index.ctp, line 2]
2015-03-23 16:43:37 Notice: Notice (8): Array to string conversion in [/opt/lampp/htdocs/cake/app/views/test/index.ctp, line 2]
2015-04-25 18:22:50 Notice: Notice (8): Undefined property: LinksController::$Links in [/opt/lampp/htdocs/cake/app/controllers/links_controller.php, line 10]
2015-04-25 18:26:21 Notice: Notice (8): Undefined index: created in [/opt/lampp/htdocs/cake/app/views/elements/linksList.ctp, line 4]
2015-04-25 18:26:21 Notice: Notice (8): Undefined index: Comment in [/opt/lampp/htdocs/cake/app/views/elements/linksList.ctp, line 6]
2015-04-25 18:26:56 Notice: Notice (8): Undefined index: comment in [/opt/lampp/htdocs/cake/app/views/elements/linksList.ctp, line 6]
2015-04-25 18:29:09 Notice: Notice (8): Undefined index: comment in [/opt/lampp/htdocs/cake/app/views/elements/linksList.ctp, line 6]
2015-04-25 18:30:00 Notice: Notice (8): Undefined index: comment in [/opt/lampp/htdocs/cake/app/views/elements/linksList.ctp, line 6]
2015-04-25 18:43:39 Notice: Notice (8): Undefined variable: id_link in [/opt/lampp/htdocs/cake/app/controllers/comments_controller.php, line 9]
2015-04-25 18:44:18 Notice: Notice (8): Undefined variable: id in [/opt/lampp/htdocs/cake/app/controllers/comments_controller.php, line 9]
2015-04-25 18:46:55 Notice: Notice (8): Undefined property: CommentsController::$Comments in [/opt/lampp/htdocs/cake/app/controllers/comments_controller.php, line 12]
2015-04-25 18:47:17 Notice: Notice (8): Undefined property: CommentsController::$Comments in [/opt/lampp/htdocs/cake/app/controllers/comments_controller.php, line 14]
2015-04-25 18:56:26 Notice: Notice (8): Undefined property: CommentsController::$Comments in [/opt/lampp/htdocs/cake/app/controllers/comments_controller.php, line 14]
2015-04-25 18:56:26 Notice: Notice (8): Undefined property: CommentsController::$Comments in [/opt/lampp/htdocs/cake/app/controllers/comments_controller.php, line 14]
2015-04-25 18:57:54 Notice: Notice (8): Undefined property: CommentsController::$Comments in [/opt/lampp/htdocs/cake/app/controllers/comments_controller.php, line 15]
2015-04-25 18:58:35 Notice: Notice (8): Undefined property: CommentsController::$Comments in [/opt/lampp/htdocs/cake/app/controllers/comments_controller.php, line 15]
2015-04-25 20:07:15 Notice: Notice (8): Undefined property: CommentsController::$Comments in [/opt/lampp/htdocs/cake/app/controllers/comments_controller.php, line 15]
2015-04-27 17:33:07 Notice: Notice (8): Undefined index: Comment in [/opt/lampp/htdocs/cake/app/views/elements/linksList.ctp, line 6]
2015-04-27 17:35:18 Notice: Notice (8): Undefined index: Comment in [/opt/lampp/htdocs/cake/app/views/elements/linksList.ctp, line 6]
2015-04-27 17:35:43 Notice: Notice (8): Undefined index: Comment in [/opt/lampp/htdocs/cake/app/views/elements/linksList.ctp, line 6]
2015-04-27 17:36:20 Notice: Notice (8): Undefined index: Comment in [/opt/lampp/htdocs/cake/app/views/elements/linksList.ctp, line 8]
2015-04-27 17:37:06 Notice: Notice (8): Undefined index: Comment in [/opt/lampp/htdocs/cake/app/views/elements/linksList.ctp, line 8]
2015-04-27 17:44:47 Notice: Notice (8): Undefined index: Comment in [/opt/lampp/htdocs/cake/app/views/elements/linksList.ctp, line 8]
2015-04-27 17:44:59 Notice: Notice (8): Undefined index: Comment in [/opt/lampp/htdocs/cake/app/views/elements/linksList.ctp, line 8]
2015-04-27 17:45:05 Notice: Notice (8): Undefined index: Comment in [/opt/lampp/htdocs/cake/app/views/elements/linksList.ctp, line 8]
2015-04-27 17:46:01 Notice: Notice (8): Undefined index: comment in [/opt/lampp/htdocs/cake/app/views/elements/linksList.ctp, line 9]
2015-04-27 17:46:01 Notice: Notice (8): Undefined index: created in [/opt/lampp/htdocs/cake/app/views/elements/linksList.ctp, line 9]
2015-04-27 17:46:56 Notice: Notice (8): Undefined index: comment in [/opt/lampp/htdocs/cake/app/views/elements/linksList.ctp, line 9]
2015-04-27 17:46:56 Notice: Notice (8): Undefined index: created in [/opt/lampp/htdocs/cake/app/views/elements/linksList.ctp, line 9]
2015-06-12 19:25:44 Notice: Notice (8): Undefined variable: ajax in [/opt/lampp/htdocs/cake/app/views/layouts/default.ctp, line 24]
2015-06-12 19:26:46 Notice: Notice (8): Undefined variable: ajax in [/opt/lampp/htdocs/cake/app/views/layouts/default.ctp, line 24]
2015-06-12 19:26:52 Notice: Notice (8): Undefined variable: ajax in [/opt/lampp/htdocs/cake/app/views/layouts/default.ctp, line 24]
2015-11-11 04:29:05 Notice: Notice (8): Undefined variable: cs in [/opt/lampp/htdocs/kaluna/app/views/menu/show.ctp, line 24]
2015-11-11 04:29:05 Notice: Notice (8): Undefined variable: data in [/opt/lampp/htdocs/kaluna/app/views/menu/show.ctp, line 41]
2015-11-11 04:29:17 Notice: Notice (8): Undefined variable: cs in [/opt/lampp/htdocs/kaluna/app/views/menu/show.ctp, line 24]
2015-11-11 04:29:17 Notice: Notice (8): Undefined variable: data in [/opt/lampp/htdocs/kaluna/app/views/menu/show.ctp, line 41]
2015-11-11 04:40:45 Notice: Notice (8): Undefined variable: data in [/opt/lampp/htdocs/kaluna/app/views/menu/show.ctp, line 41]
2015-11-11 04:42:30 Notice: Notice (8): Undefined variable: data in [/opt/lampp/htdocs/kaluna/app/views/menu/show.ctp, line 41]
2015-11-11 04:43:11 Notice: Notice (8): Undefined variable: data in [/opt/lampp/htdocs/kaluna/app/views/menu/show.ctp, line 41]
2015-11-11 04:43:57 Notice: Notice (8): Undefined variable: data in [/opt/lampp/htdocs/kaluna/app/views/menu/show.ctp, line 41]
2015-11-11 04:47:12 Notice: Notice (8): Undefined variable: data in [/opt/lampp/htdocs/kaluna/app/views/menu/show.ctp, line 41]
2015-11-11 04:48:59 Notice: Notice (8): Undefined variable: data in [/opt/lampp/htdocs/kaluna/app/views/menu/show.ctp, line 41]
2015-11-11 04:49:43 Notice: Notice (8): Undefined variable: data in [/opt/lampp/htdocs/kaluna/app/views/menu/show.ctp, line 41]
2015-11-11 04:54:36 Notice: Notice (8): Undefined variable: data in [/opt/lampp/htdocs/kaluna/app/views/menu/show.ctp, line 41]
2015-11-11 04:56:34 Notice: Notice (8): Undefined variable: data in [/opt/lampp/htdocs/kaluna/app/views/menu/show.ctp, line 43]
2015-11-11 04:56:36 Notice: Notice (8): Undefined variable: data in [/opt/lampp/htdocs/kaluna/app/views/menu/show.ctp, line 43]
2015-11-11 04:56:50 Notice: Notice (8): Undefined variable: data in [/opt/lampp/htdocs/kaluna/app/views/menu/show.ctp, line 43]
2015-11-11 04:57:10 Notice: Notice (8): Undefined variable: data in [/opt/lampp/htdocs/kaluna/app/views/menu/show.ctp, line 43]
2015-11-11 04:57:39 Notice: Notice (8): Undefined variable: data in [/opt/lampp/htdocs/kaluna/app/views/menu/show.ctp, line 43]
2015-11-11 04:57:55 Notice: Notice (8): Undefined variable: data in [/opt/lampp/htdocs/kaluna/app/views/menu/show.ctp, line 43]
2015-11-11 04:58:12 Notice: Notice (8): Undefined variable: data in [/opt/lampp/htdocs/kaluna/app/views/menu/show.ctp, line 43]
2015-11-11 04:58:45 Notice: Notice (8): Undefined variable: data in [/opt/lampp/htdocs/kaluna/app/views/menu/show.ctp, line 43]
2015-11-11 04:59:04 Notice: Notice (8): Undefined variable: data in [/opt/lampp/htdocs/kaluna/app/views/menu/show.ctp, line 43]
2015-11-11 04:59:20 Notice: Notice (8): Undefined variable: data in [/opt/lampp/htdocs/kaluna/app/views/menu/show.ctp, line 43]
2015-11-11 05:02:14 Notice: Notice (8): Undefined variable: data in [/opt/lampp/htdocs/kaluna/app/views/menu/show.ctp, line 43]
2015-11-11 05:09:32 Notice: Notice (8): Undefined variable: data in [/opt/lampp/htdocs/kaluna/app/views/menu/show.ctp, line 43]
2015-11-11 05:10:08 Notice: Notice (8): Undefined variable: data in [/opt/lampp/htdocs/kaluna/app/views/menu/show.ctp, line 43]
2015-11-11 05:10:12 Notice: Notice (8): Undefined variable: data in [/opt/lampp/htdocs/kaluna/app/views/menu/show.ctp, line 43]
2015-11-12 05:53:50 Notice: Notice (8): Undefined index: nombre_producto in [/opt/lampp/htdocs/kaluna/app/views/menu/show.ctp, line 19]
2015-11-12 05:53:50 Notice: Notice (8): Undefined index: precio in [/opt/lampp/htdocs/kaluna/app/views/menu/show.ctp, line 19]
2015-11-12 05:53:50 Notice: Notice (8): Undefined index: menu_id in [/opt/lampp/htdocs/kaluna/app/views/menu/show.ctp, line 23]
2015-11-12 05:53:50 Notice: Notice (8): Undefined index: precio in [/opt/lampp/htdocs/kaluna/app/views/menu/show.ctp, line 24]
2015-11-12 05:53:50 Notice: Notice (8): Undefined index: icono_png in [/opt/lampp/htdocs/kaluna/app/views/menu/show.ctp, line 26]
2015-11-12 05:54:14 Notice: Notice (8): Undefined index: nombre_producto in [/opt/lampp/htdocs/kaluna/app/views/menu/show.ctp, line 20]
2015-11-12 05:54:14 Notice: Notice (8): Undefined index: precio in [/opt/lampp/htdocs/kaluna/app/views/menu/show.ctp, line 20]
2015-11-12 05:54:14 Notice: Notice (8): Undefined index: menu_id in [/opt/lampp/htdocs/kaluna/app/views/menu/show.ctp, line 24]
2015-11-12 05:54:14 Notice: Notice (8): Undefined index: precio in [/opt/lampp/htdocs/kaluna/app/views/menu/show.ctp, line 25]
2015-11-12 05:54:14 Notice: Notice (8): Undefined index: icono_png in [/opt/lampp/htdocs/kaluna/app/views/menu/show.ctp, line 27]
2015-11-12 05:54:55 Notice: Notice (8): Undefined index: menu in [/opt/lampp/htdocs/kaluna/app/views/menu/show.ctp, line 20]
2015-11-12 05:54:55 Notice: Notice (8): Undefined index: menu in [/opt/lampp/htdocs/kaluna/app/views/menu/show.ctp, line 24]
2015-11-12 05:54:55 Notice: Notice (8): Undefined index: menu in [/opt/lampp/htdocs/kaluna/app/views/menu/show.ctp, line 25]
2015-11-12 05:54:55 Notice: Notice (8): Undefined index: menu in [/opt/lampp/htdocs/kaluna/app/views/menu/show.ctp, line 27]
2015-11-12 05:55:20 Notice: Notice (8): Undefined index: precio in [/opt/lampp/htdocs/kaluna/app/views/menu/show.ctp, line 20]
2015-11-12 05:55:20 Notice: Notice (8): Undefined index: menu in [/opt/lampp/htdocs/kaluna/app/views/menu/show.ctp, line 24]
2015-11-12 05:55:20 Notice: Notice (8): Undefined index: menu in [/opt/lampp/htdocs/kaluna/app/views/menu/show.ctp, line 25]
2015-11-12 05:55:28 Notice: Notice (8): Undefined index: precio in [/opt/lampp/htdocs/kaluna/app/views/menu/show.ctp, line 20]
2015-11-12 05:55:28 Notice: Notice (8): Undefined index: precio in [/opt/lampp/htdocs/kaluna/app/views/menu/show.ctp, line 25]
2015-11-12 05:55:31 Notice: Notice (8): Undefined index: precio in [/opt/lampp/htdocs/kaluna/app/views/menu/show.ctp, line 20]
2015-11-12 05:55:31 Notice: Notice (8): Undefined index: precio in [/opt/lampp/htdocs/kaluna/app/views/menu/show.ctp, line 25]
2015-11-12 05:56:39 Notice: Notice (8): Undefined index: precio in [/opt/lampp/htdocs/kaluna/app/views/menu/show.ctp, line 21]
2015-11-12 05:56:39 Notice: Notice (8): Undefined index: precio in [/opt/lampp/htdocs/kaluna/app/views/menu/show.ctp, line 26]
2015-11-12 09:26:36 Notice: Notice (8): Undefined index: mesa in [/opt/lampp/htdocs/kaluna/app/views/menu/app.ctp, line 6]
2015-11-12 09:26:36 Notice: Notice (8): Undefined index: observaciones in [/opt/lampp/htdocs/kaluna/app/views/menu/app.ctp, line 21]
2015-11-12 09:26:36 Notice: Notice (8): Undefined index: observaciones in [/opt/lampp/htdocs/kaluna/app/views/menu/app.ctp, line 36]
2015-11-12 09:28:04 Notice: Notice (8): Undefined index: mesa in [/opt/lampp/htdocs/kaluna/app/views/menu/app.ctp, line 6]
2015-11-12 09:28:04 Notice: Notice (8): Undefined index: observaciones in [/opt/lampp/htdocs/kaluna/app/views/menu/app.ctp, line 21]
2015-11-12 09:28:04 Notice: Notice (8): Undefined index: observaciones in [/opt/lampp/htdocs/kaluna/app/views/menu/app.ctp, line 36]
2015-11-12 09:29:48 Notice: Notice (8): Undefined index: mesa in [/opt/lampp/htdocs/kaluna/app/views/menu/app.ctp, line 6]
2015-11-12 09:29:48 Notice: Notice (8): Undefined index: observaciones in [/opt/lampp/htdocs/kaluna/app/views/menu/app.ctp, line 21]
2015-11-12 09:29:48 Notice: Notice (8): Undefined index: observaciones in [/opt/lampp/htdocs/kaluna/app/views/menu/app.ctp, line 36]
2015-11-12 09:41:26 Notice: Notice (8): Undefined index: observaciones in [/opt/lampp/htdocs/kaluna/app/views/menu/app.ctp, line 21]
2015-11-12 09:41:26 Notice: Notice (8): Undefined index: observaciones in [/opt/lampp/htdocs/kaluna/app/views/menu/app.ctp, line 36]
2015-11-12 09:41:57 Notice: Notice (8): Undefined index: observaciones in [/opt/lampp/htdocs/kaluna/app/views/menu/app.ctp, line 21]
2015-11-12 09:41:57 Notice: Notice (8): Undefined index: observaciones in [/opt/lampp/htdocs/kaluna/app/views/menu/app.ctp, line 36]
2015-11-12 09:42:37 Notice: Notice (8): Undefined index: observaciones in [/opt/lampp/htdocs/kaluna/app/views/menu/app.ctp, line 21]
2015-11-12 09:42:38 Notice: Notice (8): Undefined index: observaciones in [/opt/lampp/htdocs/kaluna/app/views/menu/app.ctp, line 36]
2015-11-12 09:45:58 Notice: Notice (8): Undefined index: observaciones in [/opt/lampp/htdocs/kaluna/app/views/menu/app.ctp, line 21]
2015-11-12 09:45:58 Notice: Notice (8): Undefined index: observaciones in [/opt/lampp/htdocs/kaluna/app/views/menu/app.ctp, line 36]
2015-11-12 09:46:21 Notice: Notice (8): Undefined index: observaciones in [/opt/lampp/htdocs/kaluna/app/views/menu/app.ctp, line 21]
2015-11-12 09:46:21 Notice: Notice (8): Undefined index: observaciones in [/opt/lampp/htdocs/kaluna/app/views/menu/app.ctp, line 36]
2015-11-12 09:48:22 Notice: Notice (8): Undefined index: observaciones in [/opt/lampp/htdocs/kaluna/app/views/menu/app.ctp, line 21]
2015-11-12 09:48:22 Notice: Notice (8): Undefined index: observaciones in [/opt/lampp/htdocs/kaluna/app/views/menu/app.ctp, line 36]
2015-11-12 09:51:31 Notice: Notice (8): Undefined index: observaciones in [/opt/lampp/htdocs/kaluna/app/views/menu/app.ctp, line 35]
2015-11-12 09:53:55 Notice: Notice (8): Undefined index: observaciones in [/opt/lampp/htdocs/kaluna/app/views/menu/app.ctp, line 35]
2015-11-12 09:54:47 Notice: Notice (8): Undefined index: observaciones in [/opt/lampp/htdocs/kaluna/app/views/menu/app.ctp, line 35]
2015-11-12 09:55:19 Notice: Notice (8): Undefined index: observaciones in [/opt/lampp/htdocs/kaluna/app/views/menu/app.ctp, line 35]
2015-11-12 09:55:53 Notice: Notice (8): Undefined index: observaciones in [/opt/lampp/htdocs/kaluna/app/views/menu/app.ctp, line 35]
2015-11-12 10:01:41 Notice: Notice (8): Undefined index: observaciones in [/opt/lampp/htdocs/kaluna/app/views/menu/app.ctp, line 35]
2015-11-12 10:02:13 Notice: Notice (8): Undefined index: observaciones in [/opt/lampp/htdocs/kaluna/app/views/menu/app.ctp, line 35]
2015-11-12 10:12:14 Notice: Notice (8): Undefined index: observaciones in [/opt/lampp/htdocs/kaluna/app/views/menu/app.ctp, line 35]
2015-11-12 10:13:08 Notice: Notice (8): Undefined index: observaciones in [/opt/lampp/htdocs/kaluna/app/views/menu/app.ctp, line 35]
2015-11-12 10:14:15 Notice: Notice (8): Undefined index: observaciones in [/opt/lampp/htdocs/kaluna/app/views/menu/app.ctp, line 35]
2015-11-12 10:15:34 Notice: Notice (8): Undefined index: observaciones in [/opt/lampp/htdocs/kaluna/app/views/menu/app.ctp, line 35]
2015-11-12 10:17:02 Notice: Notice (8): Undefined index: description in [/opt/lampp/htdocs/kaluna/app/views/menu/app.ctp, line 5]
2015-11-12 10:17:02 Notice: Notice (8): Undefined index: observaciones in [/opt/lampp/htdocs/kaluna/app/views/menu/app.ctp, line 35]
2015-11-12 10:17:41 Notice: Notice (8): Undefined index: description in [/opt/lampp/htdocs/kaluna/app/views/menu/app.ctp, line 5]
2015-11-12 10:17:41 Notice: Notice (8): Undefined index: observaciones in [/opt/lampp/htdocs/kaluna/app/views/menu/app.ctp, line 35]
2015-11-12 10:17:53 Notice: Notice (8): Undefined index: description in [/opt/lampp/htdocs/kaluna/app/views/menu/app.ctp, line 5]
2015-11-12 10:17:53 Notice: Notice (8): Undefined index: observaciones in [/opt/lampp/htdocs/kaluna/app/views/menu/app.ctp, line 35]
2015-11-12 10:38:20 Notice: Notice (8): Undefined index: description in [/opt/lampp/htdocs/kaluna/app/views/menu/app.ctp, line 5]
2015-11-12 10:38:20 Notice: Notice (8): Undefined index: observaciones in [/opt/lampp/htdocs/kaluna/app/views/menu/app.ctp, line 35]
2015-11-12 10:38:49 Notice: Notice (8): Undefined index: description in [/opt/lampp/htdocs/kaluna/app/views/menu/app.ctp, line 5]
2015-11-12 10:38:49 Notice: Notice (8): Undefined index: observaciones in [/opt/lampp/htdocs/kaluna/app/views/menu/app.ctp, line 35]
2015-11-12 16:22:06 Notice: Notice (8): Undefined index: id_menu in [/opt/lampp/htdocs/kaluna/app/views/menu/app.ctp, line 3]
2015-11-12 16:22:06 Notice: Notice (8): Undefined index: precio in [/opt/lampp/htdocs/kaluna/app/views/menu/app.ctp, line 4]
2015-11-12 16:22:06 Notice: Notice (8): Undefined index: description in [/opt/lampp/htdocs/kaluna/app/views/menu/app.ctp, line 5]
2015-11-12 16:22:11 Notice: Notice (8): Undefined index: id_menu in [/opt/lampp/htdocs/kaluna/app/views/menu/app.ctp, line 3]
2015-11-12 16:22:11 Notice: Notice (8): Undefined index: precio in [/opt/lampp/htdocs/kaluna/app/views/menu/app.ctp, line 4]
2015-11-12 16:22:11 Notice: Notice (8): Undefined index: description in [/opt/lampp/htdocs/kaluna/app/views/menu/app.ctp, line 5]
2015-11-12 16:22:13 Notice: Notice (8): Undefined index: id_menu in [/opt/lampp/htdocs/kaluna/app/views/menu/app.ctp, line 3]
2015-11-12 16:22:13 Notice: Notice (8): Undefined index: precio in [/opt/lampp/htdocs/kaluna/app/views/menu/app.ctp, line 4]
2015-11-12 16:22:13 Notice: Notice (8): Undefined index: description in [/opt/lampp/htdocs/kaluna/app/views/menu/app.ctp, line 5]
2015-11-12 16:22:15 Notice: Notice (8): Undefined index: id_menu in [/opt/lampp/htdocs/kaluna/app/views/menu/app.ctp, line 3]
2015-11-12 16:22:15 Notice: Notice (8): Undefined index: precio in [/opt/lampp/htdocs/kaluna/app/views/menu/app.ctp, line 4]
2015-11-12 16:22:15 Notice: Notice (8): Undefined index: description in [/opt/lampp/htdocs/kaluna/app/views/menu/app.ctp, line 5]
2015-11-12 16:22:41 Notice: Notice (8): Undefined index: id_menu in [/opt/lampp/htdocs/kaluna/app/views/menu/app.ctp, line 3]
2015-11-12 16:22:41 Notice: Notice (8): Undefined index: precio in [/opt/lampp/htdocs/kaluna/app/views/menu/app.ctp, line 4]
2015-11-12 16:22:41 Notice: Notice (8): Undefined index: description in [/opt/lampp/htdocs/kaluna/app/views/menu/app.ctp, line 5]
2015-11-12 16:22:56 Notice: Notice (8): Undefined index: id_menu in [/opt/lampp/htdocs/kaluna/app/views/menu/app.ctp, line 3]
2015-11-12 16:22:56 Notice: Notice (8): Undefined index: precio in [/opt/lampp/htdocs/kaluna/app/views/menu/app.ctp, line 4]
2015-11-12 16:22:56 Notice: Notice (8): Undefined index: description in [/opt/lampp/htdocs/kaluna/app/views/menu/app.ctp, line 5]
2015-11-12 16:23:30 Notice: Notice (8): Undefined index: description in [/opt/lampp/htdocs/kaluna/app/views/menu/app.ctp, line 5]
2015-11-12 16:23:30 Notice: Notice (8): Undefined index: observaciones in [/opt/lampp/htdocs/kaluna/app/views/menu/app.ctp, line 35]
2015-11-12 16:23:38 Notice: Notice (8): Undefined index: description in [/opt/lampp/htdocs/kaluna/app/views/menu/app.ctp, line 5]
2015-11-12 16:23:38 Notice: Notice (8): Undefined index: observaciones in [/opt/lampp/htdocs/kaluna/app/views/menu/app.ctp, line 35]
2015-11-12 16:27:51 Notice: Notice (8): Undefined index: description in [/opt/lampp/htdocs/kaluna/app/views/menu/app.ctp, line 5]
2015-11-12 16:27:51 Notice: Notice (8): Undefined index: observaciones in [/opt/lampp/htdocs/kaluna/app/views/menu/app.ctp, line 35]
2015-11-12 16:30:56 Notice: Notice (8): Undefined index: description in [/opt/lampp/htdocs/kaluna/app/views/menu/app.ctp, line 5]
2015-11-12 16:30:56 Notice: Notice (8): Undefined index: observaciones in [/opt/lampp/htdocs/kaluna/app/views/menu/app.ctp, line 35]
2015-11-12 16:30:57 Notice: Notice (8): Undefined index: description in [/opt/lampp/htdocs/kaluna/app/views/menu/app.ctp, line 5]
2015-11-12 16:30:57 Notice: Notice (8): Undefined index: observaciones in [/opt/lampp/htdocs/kaluna/app/views/menu/app.ctp, line 35]
2015-11-12 16:32:14 Notice: Notice (8): Undefined index: id_menu in [/opt/lampp/htdocs/kaluna/app/views/menu/app.ctp, line 3]
2015-11-12 16:32:14 Notice: Notice (8): Undefined index: precio in [/opt/lampp/htdocs/kaluna/app/views/menu/app.ctp, line 4]
2015-11-12 16:32:14 Notice: Notice (8): Undefined index: description in [/opt/lampp/htdocs/kaluna/app/views/menu/app.ctp, line 5]
2015-11-12 16:32:15 Notice: Notice (8): Undefined index: id_menu in [/opt/lampp/htdocs/kaluna/app/views/menu/app.ctp, line 3]
2015-11-12 16:32:15 Notice: Notice (8): Undefined index: precio in [/opt/lampp/htdocs/kaluna/app/views/menu/app.ctp, line 4]
2015-11-12 16:32:15 Notice: Notice (8): Undefined index: description in [/opt/lampp/htdocs/kaluna/app/views/menu/app.ctp, line 5]
2015-11-12 16:32:18 Notice: Notice (8): Undefined index: id_menu in [/opt/lampp/htdocs/kaluna/app/views/menu/app.ctp, line 3]
2015-11-12 16:32:18 Notice: Notice (8): Undefined index: precio in [/opt/lampp/htdocs/kaluna/app/views/menu/app.ctp, line 4]
2015-11-12 16:32:18 Notice: Notice (8): Undefined index: description in [/opt/lampp/htdocs/kaluna/app/views/menu/app.ctp, line 5]
2015-11-12 16:32:18 Notice: Notice (8): Undefined index: id_menu in [/opt/lampp/htdocs/kaluna/app/views/menu/app.ctp, line 3]
2015-11-12 16:32:18 Notice: Notice (8): Undefined index: precio in [/opt/lampp/htdocs/kaluna/app/views/menu/app.ctp, line 4]
2015-11-12 16:32:18 Notice: Notice (8): Undefined index: description in [/opt/lampp/htdocs/kaluna/app/views/menu/app.ctp, line 5]
2015-11-12 16:32:20 Notice: Notice (8): Undefined index: id_menu in [/opt/lampp/htdocs/kaluna/app/views/menu/app.ctp, line 3]
2015-11-12 16:32:20 Notice: Notice (8): Undefined index: precio in [/opt/lampp/htdocs/kaluna/app/views/menu/app.ctp, line 4]
2015-11-12 16:32:20 Notice: Notice (8): Undefined index: description in [/opt/lampp/htdocs/kaluna/app/views/menu/app.ctp, line 5]
2015-11-12 16:32:21 Notice: Notice (8): Undefined index: id_menu in [/opt/lampp/htdocs/kaluna/app/views/menu/app.ctp, line 3]
2015-11-12 16:32:21 Notice: Notice (8): Undefined index: precio in [/opt/lampp/htdocs/kaluna/app/views/menu/app.ctp, line 4]
2015-11-12 16:32:21 Notice: Notice (8): Undefined index: description in [/opt/lampp/htdocs/kaluna/app/views/menu/app.ctp, line 5]
2015-11-12 16:33:04 Notice: Notice (8): Undefined index: id_menu in [/opt/lampp/htdocs/kaluna/app/views/menu/app.ctp, line 3]
2015-11-12 16:33:04 Notice: Notice (8): Undefined index: precio in [/opt/lampp/htdocs/kaluna/app/views/menu/app.ctp, line 4]
2015-11-12 16:33:04 Notice: Notice (8): Undefined index: description in [/opt/lampp/htdocs/kaluna/app/views/menu/app.ctp, line 5]
2015-11-12 16:33:05 Notice: Notice (8): Undefined index: id_menu in [/opt/lampp/htdocs/kaluna/app/views/menu/app.ctp, line 3]
2015-11-12 16:33:05 Notice: Notice (8): Undefined index: precio in [/opt/lampp/htdocs/kaluna/app/views/menu/app.ctp, line 4]
2015-11-12 16:33:05 Notice: Notice (8): Undefined index: description in [/opt/lampp/htdocs/kaluna/app/views/menu/app.ctp, line 5]
2015-11-12 16:33:39 Notice: Notice (8): Undefined index: id_menu in [/opt/lampp/htdocs/kaluna/app/views/menu/app.ctp, line 3]
2015-11-12 16:33:39 Notice: Notice (8): Undefined index: precio in [/opt/lampp/htdocs/kaluna/app/views/menu/app.ctp, line 4]
2015-11-12 16:33:39 Notice: Notice (8): Undefined index: description in [/opt/lampp/htdocs/kaluna/app/views/menu/app.ctp, line 5]
2015-11-12 16:33:40 Notice: Notice (8): Undefined index: id_menu in [/opt/lampp/htdocs/kaluna/app/views/menu/app.ctp, line 3]
2015-11-12 16:33:40 Notice: Notice (8): Undefined index: precio in [/opt/lampp/htdocs/kaluna/app/views/menu/app.ctp, line 4]
2015-11-12 16:33:40 Notice: Notice (8): Undefined index: description in [/opt/lampp/htdocs/kaluna/app/views/menu/app.ctp, line 5]
2015-11-12 16:34:03 Notice: Notice (8): Undefined index: id_menu in [/opt/lampp/htdocs/kaluna/app/views/menu/app.ctp, line 3]
2015-11-12 16:34:03 Notice: Notice (8): Undefined index: precio in [/opt/lampp/htdocs/kaluna/app/views/menu/app.ctp, line 4]
2015-11-12 16:34:03 Notice: Notice (8): Undefined index: description in [/opt/lampp/htdocs/kaluna/app/views/menu/app.ctp, line 5]
2015-11-12 16:34:04 Notice: Notice (8): Undefined index: id_menu in [/opt/lampp/htdocs/kaluna/app/views/menu/app.ctp, line 3]
2015-11-12 16:34:04 Notice: Notice (8): Undefined index: precio in [/opt/lampp/htdocs/kaluna/app/views/menu/app.ctp, line 4]
2015-11-12 16:34:04 Notice: Notice (8): Undefined index: description in [/opt/lampp/htdocs/kaluna/app/views/menu/app.ctp, line 5]
2015-11-12 16:35:25 Notice: Notice (8): Undefined index: id_menu in [/opt/lampp/htdocs/kaluna/app/views/menu/app.ctp, line 3]
2015-11-12 16:35:25 Notice: Notice (8): Undefined index: precio in [/opt/lampp/htdocs/kaluna/app/views/menu/app.ctp, line 4]
2015-11-12 16:35:25 Notice: Notice (8): Undefined index: description in [/opt/lampp/htdocs/kaluna/app/views/menu/app.ctp, line 5]
2015-11-12 16:35:45 Notice: Notice (8): Undefined index: id_menu in [/opt/lampp/htdocs/kaluna/app/views/menu/app.ctp, line 3]
2015-11-12 16:35:45 Notice: Notice (8): Undefined index: precio in [/opt/lampp/htdocs/kaluna/app/views/menu/app.ctp, line 4]
2015-11-12 16:35:45 Notice: Notice (8): Undefined index: description in [/opt/lampp/htdocs/kaluna/app/views/menu/app.ctp, line 5]
2015-11-12 16:36:26 Notice: Notice (8): Undefined index: description in [/opt/lampp/htdocs/kaluna/app/views/menu/app.ctp, line 5]
2015-11-12 16:36:26 Notice: Notice (8): Undefined index: observaciones in [/opt/lampp/htdocs/kaluna/app/views/menu/app.ctp, line 35]
2015-11-12 16:36:37 Notice: Notice (8): Undefined index: description in [/opt/lampp/htdocs/kaluna/app/views/menu/app.ctp, line 5]
2015-11-12 16:36:37 Notice: Notice (8): Undefined index: observaciones in [/opt/lampp/htdocs/kaluna/app/views/menu/app.ctp, line 35]
2015-11-12 16:52:55 Notice: Notice (8): Undefined index: description in [/opt/lampp/htdocs/kaluna/app/views/menu/app.ctp, line 5]
2015-11-12 16:52:55 Notice: Notice (8): Undefined index: observaciones in [/opt/lampp/htdocs/kaluna/app/views/menu/app.ctp, line 35]
2015-11-12 16:53:04 Notice: Notice (8): Undefined index: description in [/opt/lampp/htdocs/kaluna/app/views/menu/app.ctp, line 5]
2015-11-12 16:53:04 Notice: Notice (8): Undefined index: observaciones in [/opt/lampp/htdocs/kaluna/app/views/menu/app.ctp, line 35]
2015-11-12 16:53:15 Notice: Notice (8): Undefined index: description in [/opt/lampp/htdocs/kaluna/app/views/menu/app.ctp, line 5]
2015-11-12 16:53:15 Notice: Notice (8): Undefined index: observaciones in [/opt/lampp/htdocs/kaluna/app/views/menu/app.ctp, line 35]
2015-12-08 07:29:46 Notice: Notice (8): Undefined property: MenuController::$Transfers in [/opt/lampp/htdocs/kaluna/app/controllers/menu_controller.php, line 13]
2015-12-08 07:29:54 Notice: Notice (8): Undefined index: id_menu in [/opt/lampp/htdocs/kaluna/app/views/menu/app.ctp, line 3]
2015-12-08 07:29:54 Notice: Notice (8): Undefined index: precio in [/opt/lampp/htdocs/kaluna/app/views/menu/app.ctp, line 4]
2015-12-08 07:29:54 Notice: Notice (8): Undefined index: description in [/opt/lampp/htdocs/kaluna/app/views/menu/app.ctp, line 5]
2015-12-08 07:29:54 Notice: Notice (8): Undefined index: mesa in [/opt/lampp/htdocs/kaluna/app/views/menu/app.ctp, line 6]
2015-12-08 07:29:54 Notice: Notice (8): Undefined index: action in [/opt/lampp/htdocs/kaluna/app/views/menu/app.ctp, line 7]
2015-12-08 07:29:54 Notice: Notice (8): Undefined index: save in [/opt/lampp/htdocs/kaluna/app/views/menu/app.ctp, line 8]
2015-12-08 07:29:54 Notice: Notice (8): Undefined variable: result in [/opt/lampp/htdocs/kaluna/app/views/menu/app.ctp, line 74]
2015-12-08 07:29:54 Notice: Notice (8): Undefined variable: message in [/opt/lampp/htdocs/kaluna/app/views/menu/app.ctp, line 74]
2015-12-08 07:29:59 Notice: Notice (8): Undefined property: MenuController::$Transfers in [/opt/lampp/htdocs/kaluna/app/controllers/menu_controller.php, line 13]
2015-12-08 07:33:51 Notice: Notice (8): Undefined property: ShoppingsController::$Transfers in [/opt/lampp/htdocs/kaluna/app/controllers/shoppings_controller.php, line 13]
2015-12-08 07:46:21 Notice: Notice (8): Undefined property: ShoppingsController::$Transfers in [/opt/lampp/htdocs/kaluna/app/controllers/shoppings_controller.php, line 36]
2015-12-08 08:19:51 Notice: Notice (8): Undefined index: Egreos in [/opt/lampp/htdocs/kaluna/app/views/elements/egresos_list.ctp, line 27]
2015-12-08 08:19:51 Notice: Notice (8): Undefined index: cantirdad in [/opt/lampp/htdocs/kaluna/app/views/elements/egresos_list.ctp, line 30]
2015-12-08 08:19:51 Notice: Notice (8): Undefined index: importe in [/opt/lampp/htdocs/kaluna/app/views/elements/egresos_list.ctp, line 31]
2015-12-08 08:24:26 Notice: Notice (8): Undefined index: cantirdad in [/opt/lampp/htdocs/kaluna/app/views/elements/egresos_list.ctp, line 30]
2015-12-08 08:24:26 Notice: Notice (8): Undefined index: importe in [/opt/lampp/htdocs/kaluna/app/views/elements/egresos_list.ctp, line 31]
2015-12-08 08:24:33 Notice: Notice (8): Undefined index: cantidad in [/opt/lampp/htdocs/kaluna/app/views/elements/egresos_list.ctp, line 30]
2015-12-08 08:24:33 Notice: Notice (8): Undefined index: importe in [/opt/lampp/htdocs/kaluna/app/views/elements/egresos_list.ctp, line 31]
2015-12-09 00:34:54 Notice: Notice (8): Undefined index: importe in [/opt/lampp/htdocs/kaluna/app/views/elements/egresos_list.ctp, line 31]
2015-12-09 00:47:43 Notice: Notice (8): Undefined index: importe in [/opt/lampp/htdocs/kaluna/app/views/elements/egresos_list.ctp, line 31]
2015-12-09 02:15:44 Notice: Notice (8): Undefined variable: ACTION in [/opt/lampp/htdocs/kaluna/app/views/shoppings/index.ctp, line 6]
2015-12-09 02:26:51 Notice: Notice (8): Undefined variable: personal in [/opt/lampp/htdocs/kaluna/app/views/shoppings/index.ctp, line 32]
2015-12-09 02:26:51 Notice: Notice (8): Undefined variable: Generos in [/opt/lampp/htdocs/kaluna/app/views/shoppings/index.ctp, line 81]
2015-12-09 02:26:51 Notice: Notice (8): Undefined variable: personal in [/opt/lampp/htdocs/kaluna/app/views/shoppings/index.ctp, line 91]
2015-12-09 02:26:51 Notice: Notice (8): Undefined variable: Paises in [/opt/lampp/htdocs/kaluna/app/views/shoppings/index.ctp, line 168]
2015-12-09 02:26:51 Notice: Notice (8): Undefined variable: Estados in [/opt/lampp/htdocs/kaluna/app/views/shoppings/index.ctp, line 183]
2015-12-09 02:26:51 Notice: Notice (8): Undefined variable: Ciudades in [/opt/lampp/htdocs/kaluna/app/views/shoppings/index.ctp, line 199]
2015-12-10 00:34:39 Notice: Notice (8): Undefined variable: personal in [/opt/lampp/htdocs/kaluna/app/views/shoppings/index.ctp, line 32]
2015-12-10 00:34:39 Notice: Notice (8): Undefined variable: Generos in [/opt/lampp/htdocs/kaluna/app/views/shoppings/index.ctp, line 81]
2015-12-10 00:34:39 Notice: Notice (8): Undefined variable: personal in [/opt/lampp/htdocs/kaluna/app/views/shoppings/index.ctp, line 91]
2015-12-10 00:34:39 Notice: Notice (8): Undefined variable: Paises in [/opt/lampp/htdocs/kaluna/app/views/shoppings/index.ctp, line 168]
2015-12-10 00:34:39 Notice: Notice (8): Undefined variable: Estados in [/opt/lampp/htdocs/kaluna/app/views/shoppings/index.ctp, line 183]
2015-12-10 00:34:39 Notice: Notice (8): Undefined variable: Ciudades in [/opt/lampp/htdocs/kaluna/app/views/shoppings/index.ctp, line 199]
2015-12-10 00:37:14 Notice: Notice (8): Undefined variable: Generos in [/opt/lampp/htdocs/kaluna/app/views/shoppings/index.ctp, line 77]
2015-12-10 00:37:14 Notice: Notice (8): Undefined variable: personal in [/opt/lampp/htdocs/kaluna/app/views/shoppings/index.ctp, line 87]
2015-12-10 00:37:14 Notice: Notice (8): Undefined variable: Paises in [/opt/lampp/htdocs/kaluna/app/views/shoppings/index.ctp, line 164]
2015-12-10 00:37:14 Notice: Notice (8): Undefined variable: Estados in [/opt/lampp/htdocs/kaluna/app/views/shoppings/index.ctp, line 179]
2015-12-10 00:37:14 Notice: Notice (8): Undefined variable: Ciudades in [/opt/lampp/htdocs/kaluna/app/views/shoppings/index.ctp, line 195]
2015-12-10 00:37:35 Notice: Notice (8): Undefined variable: Generos in [/opt/lampp/htdocs/kaluna/app/views/shoppings/index.ctp, line 77]
2015-12-10 00:37:35 Notice: Notice (8): Undefined variable: personal in [/opt/lampp/htdocs/kaluna/app/views/shoppings/index.ctp, line 87]
2015-12-10 00:37:35 Notice: Notice (8): Undefined variable: Paises in [/opt/lampp/htdocs/kaluna/app/views/shoppings/index.ctp, line 164]
2015-12-10 00:37:35 Notice: Notice (8): Undefined variable: Estados in [/opt/lampp/htdocs/kaluna/app/views/shoppings/index.ctp, line 179]
2015-12-10 00:37:35 Notice: Notice (8): Undefined variable: Ciudades in [/opt/lampp/htdocs/kaluna/app/views/shoppings/index.ctp, line 195]
2015-12-10 00:40:12 Notice: Notice (8): Undefined variable: Generos in [/opt/lampp/htdocs/kaluna/app/views/shoppings/index.ctp, line 63]
2015-12-10 00:40:12 Notice: Notice (8): Undefined variable: personal in [/opt/lampp/htdocs/kaluna/app/views/shoppings/index.ctp, line 73]
2015-12-10 00:40:12 Notice: Notice (8): Undefined variable: Paises in [/opt/lampp/htdocs/kaluna/app/views/shoppings/index.ctp, line 150]
2015-12-10 00:40:12 Notice: Notice (8): Undefined variable: Estados in [/opt/lampp/htdocs/kaluna/app/views/shoppings/index.ctp, line 165]
2015-12-10 00:40:12 Notice: Notice (8): Undefined variable: Ciudades in [/opt/lampp/htdocs/kaluna/app/views/shoppings/index.ctp, line 181]
2015-12-10 00:57:36 Notice: Notice (8): Undefined variable: Generos in [/opt/lampp/htdocs/kaluna/app/views/shoppings/index.ctp, line 63]
2015-12-10 00:57:36 Notice: Notice (8): Undefined variable: personal in [/opt/lampp/htdocs/kaluna/app/views/shoppings/index.ctp, line 73]
2015-12-10 00:57:36 Notice: Notice (8): Undefined variable: Paises in [/opt/lampp/htdocs/kaluna/app/views/shoppings/index.ctp, line 150]
2015-12-10 00:57:36 Notice: Notice (8): Undefined variable: Estados in [/opt/lampp/htdocs/kaluna/app/views/shoppings/index.ctp, line 165]
2015-12-10 00:57:36 Notice: Notice (8): Undefined variable: Ciudades in [/opt/lampp/htdocs/kaluna/app/views/shoppings/index.ctp, line 181]
2015-12-10 00:57:57 Notice: Notice (8): Undefined variable: Generos in [/opt/lampp/htdocs/kaluna/app/views/shoppings/index.ctp, line 63]
2015-12-10 00:57:57 Notice: Notice (8): Undefined variable: personal in [/opt/lampp/htdocs/kaluna/app/views/shoppings/index.ctp, line 73]
2015-12-10 00:57:57 Notice: Notice (8): Undefined variable: Paises in [/opt/lampp/htdocs/kaluna/app/views/shoppings/index.ctp, line 150]
2015-12-10 00:57:57 Notice: Notice (8): Undefined variable: Estados in [/opt/lampp/htdocs/kaluna/app/views/shoppings/index.ctp, line 165]
2015-12-10 00:57:57 Notice: Notice (8): Undefined variable: Ciudades in [/opt/lampp/htdocs/kaluna/app/views/shoppings/index.ctp, line 181]
2015-12-10 00:58:21 Notice: Notice (8): Undefined variable: Generos in [/opt/lampp/htdocs/kaluna/app/views/shoppings/index.ctp, line 63]
2015-12-10 00:58:21 Notice: Notice (8): Undefined variable: personal in [/opt/lampp/htdocs/kaluna/app/views/shoppings/index.ctp, line 73]
2015-12-10 00:58:21 Notice: Notice (8): Undefined variable: Paises in [/opt/lampp/htdocs/kaluna/app/views/shoppings/index.ctp, line 150]
2015-12-10 00:58:21 Notice: Notice (8): Undefined variable: Estados in [/opt/lampp/htdocs/kaluna/app/views/shoppings/index.ctp, line 165]
2015-12-10 00:58:21 Notice: Notice (8): Undefined variable: Ciudades in [/opt/lampp/htdocs/kaluna/app/views/shoppings/index.ctp, line 181]
2015-12-10 01:02:56 Notice: Notice (8): Undefined variable: Generos in [/opt/lampp/htdocs/kaluna/app/views/shoppings/index.ctp, line 63]
2015-12-10 01:02:56 Notice: Notice (8): Undefined variable: personal in [/opt/lampp/htdocs/kaluna/app/views/shoppings/index.ctp, line 73]
2015-12-10 01:02:56 Notice: Notice (8): Undefined variable: Paises in [/opt/lampp/htdocs/kaluna/app/views/shoppings/index.ctp, line 150]
2015-12-10 01:02:56 Notice: Notice (8): Undefined variable: Estados in [/opt/lampp/htdocs/kaluna/app/views/shoppings/index.ctp, line 165]
2015-12-10 01:02:56 Notice: Notice (8): Undefined variable: Ciudades in [/opt/lampp/htdocs/kaluna/app/views/shoppings/index.ctp, line 181]
2015-12-10 01:04:19 Notice: Notice (8): Undefined variable: Paises in [/opt/lampp/htdocs/kaluna/app/views/shoppings/index.ctp, line 128]
2015-12-10 01:04:19 Notice: Notice (8): Undefined variable: Estados in [/opt/lampp/htdocs/kaluna/app/views/shoppings/index.ctp, line 143]
2015-12-10 01:04:19 Notice: Notice (8): Undefined variable: Ciudades in [/opt/lampp/htdocs/kaluna/app/views/shoppings/index.ctp, line 159]
2015-12-10 01:07:05 Notice: Notice (8): Undefined variable: Paises in [/opt/lampp/htdocs/kaluna/app/views/shoppings/index.ctp, line 116]
2015-12-10 01:07:05 Notice: Notice (8): Undefined variable: Estados in [/opt/lampp/htdocs/kaluna/app/views/shoppings/index.ctp, line 131]
2015-12-10 01:07:05 Notice: Notice (8): Undefined variable: Ciudades in [/opt/lampp/htdocs/kaluna/app/views/shoppings/index.ctp, line 147]
2015-12-10 01:08:29 Notice: Notice (8): Undefined variable: Paises in [/opt/lampp/htdocs/kaluna/app/views/shoppings/index.ctp, line 116]
2015-12-10 01:08:29 Notice: Notice (8): Undefined variable: Estados in [/opt/lampp/htdocs/kaluna/app/views/shoppings/index.ctp, line 131]
2015-12-10 01:08:29 Notice: Notice (8): Undefined variable: Ciudades in [/opt/lampp/htdocs/kaluna/app/views/shoppings/index.ctp, line 147]
2015-12-10 01:09:24 Notice: Notice (8): Undefined variable: Paises in [/opt/lampp/htdocs/kaluna/app/views/shoppings/index.ctp, line 117]
2015-12-10 01:09:24 Notice: Notice (8): Undefined variable: Estados in [/opt/lampp/htdocs/kaluna/app/views/shoppings/index.ctp, line 132]
2015-12-10 01:09:24 Notice: Notice (8): Undefined variable: Ciudades in [/opt/lampp/htdocs/kaluna/app/views/shoppings/index.ctp, line 148]
2015-12-10 01:09:39 Notice: Notice (8): Undefined variable: Paises in [/opt/lampp/htdocs/kaluna/app/views/shoppings/index.ctp, line 115]
2015-12-10 01:09:39 Notice: Notice (8): Undefined variable: Estados in [/opt/lampp/htdocs/kaluna/app/views/shoppings/index.ctp, line 130]
2015-12-10 01:09:39 Notice: Notice (8): Undefined variable: Ciudades in [/opt/lampp/htdocs/kaluna/app/views/shoppings/index.ctp, line 146]
2015-12-10 01:11:27 Notice: Notice (8): Undefined variable: Paises in [/opt/lampp/htdocs/kaluna/app/views/shoppings/index.ctp, line 112]
2015-12-10 01:11:27 Notice: Notice (8): Undefined variable: Estados in [/opt/lampp/htdocs/kaluna/app/views/shoppings/index.ctp, line 127]
2015-12-10 01:11:27 Notice: Notice (8): Undefined variable: Ciudades in [/opt/lampp/htdocs/kaluna/app/views/shoppings/index.ctp, line 143]
2015-12-10 01:12:06 Notice: Notice (8): Undefined variable: Paises in [/opt/lampp/htdocs/kaluna/app/views/shoppings/index.ctp, line 107]
2015-12-10 01:12:06 Notice: Notice (8): Undefined variable: Estados in [/opt/lampp/htdocs/kaluna/app/views/shoppings/index.ctp, line 122]
2015-12-10 01:12:06 Notice: Notice (8): Undefined variable: Ciudades in [/opt/lampp/htdocs/kaluna/app/views/shoppings/index.ctp, line 138]
2015-12-10 12:03:32 Notice: Notice (8): Undefined index: egresos_id in [/opt/lampp/htdocs/kaluna/cake/libs/model/model.php, line 1340]
2015-12-10 12:05:29 Notice: Notice (8): Undefined variable: ACTION in [/opt/lampp/htdocs/kaluna/app/views/shoppings/index.ctp, line 6]
2015-12-10 12:05:29 Notice: Notice (8): Undefined variable: egresos_mes in [/opt/lampp/htdocs/kaluna/app/views/shoppings/index.ctp, line 105]
2015-12-15 01:46:14 Notice: Notice (8): Undefined variable: egresos_mes in [/opt/lampp/htdocs/kaluna/app/views/orders/index.ctp, line 106]
2015-12-15 01:48:46 Notice: Notice (8): Undefined variable: egresos_mes in [/opt/lampp/htdocs/kaluna/app/views/orders/index.ctp, line 106]
2015-12-15 01:54:45 Notice: Notice (8): Undefined variable: egresos_mes in [/opt/lampp/htdocs/kaluna/app/views/elements/egresos_list.ctp, line 29]
2015-12-15 03:36:33 Notice: Notice (8): Undefined index: Egresos in [/opt/lampp/htdocs/kaluna/app/controllers/shoppings_controller.php, line 28]
2015-12-15 03:42:02 Notice: Notice (8): Undefined index: Egresos in [/opt/lampp/htdocs/kaluna/app/controllers/shoppings_controller.php, line 28]
2015-12-15 03:43:35 Notice: Notice (8): Undefined index: Egresos in [/opt/lampp/htdocs/kaluna/app/controllers/orders_controller.php, line 28]
2015-12-15 03:44:04 Notice: Notice (8): Undefined index: Egresos in [/opt/lampp/htdocs/kaluna/app/controllers/orders_controller.php, line 28]
2015-12-15 03:49:06 Notice: Notice (8): Undefined index: importe in [/opt/lampp/htdocs/kaluna/app/views/elements/ingresos_list.ctp, line 29]
2015-12-15 03:49:06 Notice: Notice (8): Undefined index: Igresos in [/opt/lampp/htdocs/kaluna/app/views/elements/ingresos_list.ctp, line 35]
2015-12-15 03:49:06 Notice: Notice (8): Undefined index: Igresos in [/opt/lampp/htdocs/kaluna/app/views/elements/ingresos_list.ctp, line 36]
2015-12-15 03:49:37 Notice: Notice (8): Undefined index: Igresos in [/opt/lampp/htdocs/kaluna/app/views/elements/ingresos_list.ctp, line 35]
2015-12-15 03:49:37 Notice: Notice (8): Undefined index: Igresos in [/opt/lampp/htdocs/kaluna/app/views/elements/ingresos_list.ctp, line 36]
2015-12-15 04:05:03 Notice: Notice (8): Undefined index: Egresos in [/opt/lampp/htdocs/kaluna/app/views/elements/ingresos_list.ctp, line 38]
2015-12-15 04:05:13 Notice: Notice (8): Undefined index: egreso_id in [/opt/lampp/htdocs/kaluna/app/views/elements/ingresos_list.ctp, line 38]
2015-12-15 18:53:00 Notice: Notice (8): Undefined variable: url in [/var/www/html/kaluna/cake/libs/controller/controller.php, line 975]
2015-12-15 19:00:45 Notice: Notice (8): Undefined variable: url in [/var/www/html/kaluna/cake/libs/controller/controller.php, line 975]
2015-12-15 19:01:53 Notice: Notice (8): Undefined variable: url in [/var/www/html/kaluna/cake/libs/controller/controller.php, line 975]
2015-12-15 19:03:27 Notice: Notice (8): Undefined variable: url in [/var/www/html/kaluna/cake/libs/controller/controller.php, line 975]
2015-12-15 19:03:50 Notice: Notice (8): Undefined variable: url in [/var/www/html/kaluna/cake/libs/controller/controller.php, line 975]
2015-12-17 10:24:49 Notice: Notice (8): Undefined variable: url in [/var/www/html/kaluna/cake/libs/controller/controller.php, line 975]
2015-12-17 10:25:09 Notice: Notice (8): Undefined variable: url in [/var/www/html/kaluna/cake/libs/controller/controller.php, line 975]
2015-12-17 10:25:42 Notice: Notice (8): Undefined variable: url in [/var/www/html/kaluna/cake/libs/controller/controller.php, line 975]
2015-12-17 10:26:08 Notice: Notice (8): Undefined variable: url in [/var/www/html/kaluna/cake/libs/controller/controller.php, line 975]
2015-12-17 10:26:23 Notice: Notice (8): Undefined variable: url in [/var/www/html/kaluna/cake/libs/controller/controller.php, line 975]
2015-12-17 10:26:33 Notice: Notice (8): Undefined variable: url in [/var/www/html/kaluna/cake/libs/controller/controller.php, line 975]
2015-12-17 10:26:49 Notice: Notice (8): Undefined variable: url in [/var/www/html/kaluna/cake/libs/controller/controller.php, line 975]
2015-12-17 10:27:23 Notice: Notice (8): Undefined variable: url in [/var/www/html/kaluna/cake/libs/controller/controller.php, line 975]
2015-12-17 10:27:37 Notice: Notice (8): Undefined variable: url in [/var/www/html/kaluna/cake/libs/controller/controller.php, line 975]
2015-12-17 10:29:58 Notice: Notice (8): Undefined variable: url in [/var/www/html/kaluna/cake/libs/controller/controller.php, line 975]
2015-12-17 10:30:29 Notice: Notice (8): Undefined variable: url in [/var/www/html/kaluna/cake/libs/controller/controller.php, line 975]
2015-12-17 10:30:50 Notice: Notice (8): Undefined variable: url in [/var/www/html/kaluna/cake/libs/controller/controller.php, line 975]
2015-12-17 10:31:32 Notice: Notice (8): Undefined variable: url in [/var/www/html/kaluna/cake/libs/controller/controller.php, line 975]
2015-12-17 10:31:50 Notice: Notice (8): Undefined variable: url in [/var/www/html/kaluna/cake/libs/controller/controller.php, line 975]
2015-12-17 10:32:17 Notice: Notice (8): Undefined variable: url in [/var/www/html/kaluna/cake/libs/controller/controller.php, line 975]
2015-12-17 10:32:33 Notice: Notice (8): Undefined variable: url in [/var/www/html/kaluna/cake/libs/controller/controller.php, line 975]
2015-12-17 10:32:49 Notice: Notice (8): Undefined variable: url in [/var/www/html/kaluna/cake/libs/controller/controller.php, line 975]
2015-12-17 10:34:14 Notice: Notice (8): Undefined variable: url in [/var/www/html/kaluna/cake/libs/controller/controller.php, line 975]
2015-12-17 10:34:35 Notice: Notice (8): Undefined variable: url in [/var/www/html/kaluna/cake/libs/controller/controller.php, line 975]
2015-12-17 10:34:55 Notice: Notice (8): Undefined variable: url in [/var/www/html/kaluna/cake/libs/controller/controller.php, line 975]
2015-12-17 10:35:16 Notice: Notice (8): Undefined variable: url in [/var/www/html/kaluna/cake/libs/controller/controller.php, line 975]
2015-12-17 10:36:14 Notice: Notice (8): Undefined variable: url in [/var/www/html/kaluna/cake/libs/controller/controller.php, line 975]
2015-12-17 10:36:30 Notice: Notice (8): Undefined variable: url in [/var/www/html/kaluna/cake/libs/controller/controller.php, line 975]
2015-12-17 10:36:46 Notice: Notice (8): Undefined variable: url in [/var/www/html/kaluna/cake/libs/controller/controller.php, line 975]
2015-12-17 10:39:14 Notice: Notice (8): Undefined variable: url in [/var/www/html/kaluna/cake/libs/controller/controller.php, line 975]
2015-12-17 10:39:32 Notice: Notice (8): Undefined variable: url in [/var/www/html/kaluna/cake/libs/controller/controller.php, line 975]
2015-12-17 10:40:15 Notice: Notice (8): Undefined variable: url in [/var/www/html/kaluna/cake/libs/controller/controller.php, line 975]
2015-12-17 10:40:36 Notice: Notice (8): Undefined variable: url in [/var/www/html/kaluna/cake/libs/controller/controller.php, line 975]
2015-12-17 10:41:09 Notice: Notice (8): Undefined variable: url in [/var/www/html/kaluna/cake/libs/controller/controller.php, line 975]
2015-12-17 10:43:04 Notice: Notice (8): Undefined variable: url in [/var/www/html/kaluna/cake/libs/controller/controller.php, line 975]
2015-12-17 10:43:16 Notice: Notice (8): Undefined variable: url in [/var/www/html/kaluna/cake/libs/controller/controller.php, line 975]
2015-12-17 10:43:35 Notice: Notice (8): Undefined variable: url in [/var/www/html/kaluna/cake/libs/controller/controller.php, line 975]
2015-12-17 10:43:55 Notice: Notice (8): Undefined variable: url in [/var/www/html/kaluna/cake/libs/controller/controller.php, line 975]
2015-12-17 10:44:06 Notice: Notice (8): Undefined variable: url in [/var/www/html/kaluna/cake/libs/controller/controller.php, line 975]
2015-12-17 10:44:23 Notice: Notice (8): Undefined variable: url in [/var/www/html/kaluna/cake/libs/controller/controller.php, line 975]
2015-12-17 10:44:27 Notice: Notice (8): Undefined variable: url in [/var/www/html/kaluna/cake/libs/controller/controller.php, line 975]
2015-12-17 10:45:02 Notice: Notice (8): Undefined variable: url in [/var/www/html/kaluna/cake/libs/controller/controller.php, line 975]
2015-12-17 10:45:15 Notice: Notice (8): Undefined variable: url in [/var/www/html/kaluna/cake/libs/controller/controller.php, line 975]
2015-12-17 10:45:30 Notice: Notice (8): Undefined variable: url in [/var/www/html/kaluna/cake/libs/controller/controller.php, line 975]
2015-12-17 10:45:46 Notice: Notice (8): Undefined variable: url in [/var/www/html/kaluna/cake/libs/controller/controller.php, line 975]
2015-12-17 10:46:03 Notice: Notice (8): Undefined variable: url in [/var/www/html/kaluna/cake/libs/controller/controller.php, line 975]
2015-12-17 10:46:31 Notice: Notice (8): Undefined variable: url in [/var/www/html/kaluna/cake/libs/controller/controller.php, line 975]
2015-12-17 10:46:49 Notice: Notice (8): Undefined variable: url in [/var/www/html/kaluna/cake/libs/controller/controller.php, line 975]
2015-12-17 10:47:05 Notice: Notice (8): Undefined variable: url in [/var/www/html/kaluna/cake/libs/controller/controller.php, line 975]
2015-12-17 10:48:02 Notice: Notice (8): Undefined variable: url in [/var/www/html/kaluna/cake/libs/controller/controller.php, line 975]
2015-12-17 10:49:12 Notice: Notice (8): Undefined variable: url in [/var/www/html/kaluna/cake/libs/controller/controller.php, line 975]
2015-12-17 10:49:31 Notice: Notice (8): Undefined variable: url in [/var/www/html/kaluna/cake/libs/controller/controller.php, line 975]
2015-12-17 10:51:04 Notice: Notice (8): Undefined variable: url in [/var/www/html/kaluna/cake/libs/controller/controller.php, line 975]
2015-12-17 10:52:13 Notice: Notice (8): Undefined variable: url in [/var/www/html/kaluna/cake/libs/controller/controller.php, line 975]
2015-12-17 10:53:27 Notice: Notice (8): Undefined variable: url in [/var/www/html/kaluna/cake/libs/controller/controller.php, line 975]
2015-12-17 10:53:50 Notice: Notice (8): Undefined variable: url in [/var/www/html/kaluna/cake/libs/controller/controller.php, line 975]
2015-12-17 10:54:17 Notice: Notice (8): Undefined variable: url in [/var/www/html/kaluna/cake/libs/controller/controller.php, line 975]
2015-12-17 10:54:45 Notice: Notice (8): Undefined variable: url in [/var/www/html/kaluna/cake/libs/controller/controller.php, line 975]
2015-12-17 10:55:15 Notice: Notice (8): Undefined variable: url in [/var/www/html/kaluna/cake/libs/controller/controller.php, line 975]
2015-12-17 10:57:01 Notice: Notice (8): Undefined variable: url in [/var/www/html/kaluna/cake/libs/controller/controller.php, line 975]
2015-12-17 10:58:53 Notice: Notice (8): Undefined variable: url in [/var/www/html/kaluna/cake/libs/controller/controller.php, line 975]
2015-12-17 10:59:10 Notice: Notice (8): Undefined variable: url in [/var/www/html/kaluna/cake/libs/controller/controller.php, line 975]
2015-12-17 10:59:28 Notice: Notice (8): Undefined variable: url in [/var/www/html/kaluna/cake/libs/controller/controller.php, line 975]
2015-12-17 10:59:50 Notice: Notice (8): Undefined variable: url in [/var/www/html/kaluna/cake/libs/controller/controller.php, line 975]
2015-12-17 11:00:17 Notice: Notice (8): Undefined variable: url in [/var/www/html/kaluna/cake/libs/controller/controller.php, line 975]
2015-12-17 11:01:00 Notice: Notice (8): Undefined variable: url in [/var/www/html/kaluna/cake/libs/controller/controller.php, line 975]
2015-12-17 11:01:19 Notice: Notice (8): Undefined variable: url in [/var/www/html/kaluna/cake/libs/controller/controller.php, line 975]
2015-12-17 11:01:40 Notice: Notice (8): Undefined variable: url in [/var/www/html/kaluna/cake/libs/controller/controller.php, line 975]
2015-12-17 11:02:08 Notice: Notice (8): Undefined variable: url in [/var/www/html/kaluna/cake/libs/controller/controller.php, line 975]
2015-12-17 11:02:31 Notice: Notice (8): Undefined variable: url in [/var/www/html/kaluna/cake/libs/controller/controller.php, line 975]
2015-12-17 11:03:06 Notice: Notice (8): Undefined variable: url in [/var/www/html/kaluna/cake/libs/controller/controller.php, line 975]
2015-12-17 11:03:28 Notice: Notice (8): Undefined variable: url in [/var/www/html/kaluna/cake/libs/controller/controller.php, line 975]
2015-12-17 11:03:57 Notice: Notice (8): Undefined variable: url in [/var/www/html/kaluna/cake/libs/controller/controller.php, line 975]
2015-12-17 11:04:17 Notice: Notice (8): Undefined variable: url in [/var/www/html/kaluna/cake/libs/controller/controller.php, line 975]
2015-12-17 11:04:34 Notice: Notice (8): Undefined variable: url in [/var/www/html/kaluna/cake/libs/controller/controller.php, line 975]
2015-12-17 11:06:44 Notice: Notice (8): Undefined variable: url in [/var/www/html/kaluna/cake/libs/controller/controller.php, line 975]
2015-12-17 11:07:07 Notice: Notice (8): Undefined variable: url in [/var/www/html/kaluna/cake/libs/controller/controller.php, line 975]
2015-12-17 11:07:59 Notice: Notice (8): Undefined variable: url in [/var/www/html/kaluna/cake/libs/controller/controller.php, line 975]
2015-12-17 11:08:20 Notice: Notice (8): Undefined variable: url in [/var/www/html/kaluna/cake/libs/controller/controller.php, line 975]
2015-12-17 11:08:34 Notice: Notice (8): Undefined variable: url in [/var/www/html/kaluna/cake/libs/controller/controller.php, line 975]
2015-12-17 11:08:58 Notice: Notice (8): Undefined variable: url in [/var/www/html/kaluna/cake/libs/controller/controller.php, line 975]
2015-12-17 11:09:31 Notice: Notice (8): Undefined variable: url in [/var/www/html/kaluna/cake/libs/controller/controller.php, line 975]
2015-12-17 11:10:16 Notice: Notice (8): Undefined variable: url in [/var/www/html/kaluna/cake/libs/controller/controller.php, line 975]
2015-12-17 11:10:52 Notice: Notice (8): Undefined variable: url in [/var/www/html/kaluna/cake/libs/controller/controller.php, line 975]
2015-12-17 11:11:46 Notice: Notice (8): Undefined variable: url in [/var/www/html/kaluna/cake/libs/controller/controller.php, line 975]
2015-12-17 11:12:13 Notice: Notice (8): Undefined variable: url in [/var/www/html/kaluna/cake/libs/controller/controller.php, line 975]
2015-12-17 11:12:58 Notice: Notice (8): Undefined variable: url in [/var/www/html/kaluna/cake/libs/controller/controller.php, line 975]
2015-12-17 11:13:17 Notice: Notice (8): Undefined variable: url in [/var/www/html/kaluna/cake/libs/controller/controller.php, line 975]
2015-12-17 11:13:39 Notice: Notice (8): Undefined variable: url in [/var/www/html/kaluna/cake/libs/controller/controller.php, line 975]
2015-12-17 11:14:13 Notice: Notice (8): Undefined variable: url in [/var/www/html/kaluna/cake/libs/controller/controller.php, line 975]
2015-12-17 11:14:31 Notice: Notice (8): Undefined variable: url in [/var/www/html/kaluna/cake/libs/controller/controller.php, line 975]
2015-12-17 11:14:51 Notice: Notice (8): Undefined variable: url in [/var/www/html/kaluna/cake/libs/controller/controller.php, line 975]
2015-12-17 11:15:27 Notice: Notice (8): Undefined variable: url in [/var/www/html/kaluna/cake/libs/controller/controller.php, line 975]
2015-12-17 11:16:48 Notice: Notice (8): Undefined variable: url in [/var/www/html/kaluna/cake/libs/controller/controller.php, line 975]
2015-12-17 11:17:18 Notice: Notice (8): Undefined variable: url in [/var/www/html/kaluna/cake/libs/controller/controller.php, line 975]
2015-12-17 11:17:38 Notice: Notice (8): Undefined variable: url in [/var/www/html/kaluna/cake/libs/controller/controller.php, line 975]
2015-12-17 11:17:56 Notice: Notice (8): Undefined variable: url in [/var/www/html/kaluna/cake/libs/controller/controller.php, line 975]
2016-01-10 21:51:49 Notice: Notice (8): Undefined variable: url in [/opt/lampp/htdocs/kaluna/cake/libs/controller/controller.php, line 975]
2016-01-12 05:12:44 Notice: Notice (8): Undefined variable: url in [/opt/lampp/htdocs/kaluna/cake/libs/controller/controller.php, line 975]
2016-01-14 06:44:31 Notice: Notice (8): Undefined variable: url in [/opt/lampp/htdocs/kaluna/cake/libs/controller/controller.php, line 975]
2016-01-14 06:53:15 Notice: Notice (8): Undefined variable: url in [/opt/lampp/htdocs/kaluna/cake/libs/controller/controller.php, line 975]
