2015-03-23 15:18:14 Warning: Warning (512): Method HtmlHelper::element does not exist in [/opt/lampp/htdocs/cake/cake/libs/view/helper.php, line 154]
2015-03-23 16:53:59 Warning: Warning (512): <span style="color:Red;text-align:left"><b>SQL Error:</b> 1054: Unknown column 'Transfers.id' in 'on clause'</span> in [/opt/lampp/htdocs/cake/cake/libs/model/datasources/dbo_source.php, line 685]
2015-03-23 22:55:10 Warning: Warning (512): <span style="color:Red;text-align:left"><b>SQL Error:</b> 1054: Unknown column 'Names.transfer_id' in 'field list'</span> in [/opt/lampp/htdocs/cake/cake/libs/model/datasources/dbo_source.php, line 685]
2015-03-23 22:55:10 Warning: Warning (2): Invalid argument supplied for foreach() in [/opt/lampp/htdocs/cake/cake/libs/model/datasources/dbo_source.php, line 1105]
2015-03-23 22:56:32 Warning: Warning (512): <span style="color:Red;text-align:left"><b>SQL Error:</b> 1054: Unknown column 'Names.transfer_id' in 'field list'</span> in [/opt/lampp/htdocs/cake/cake/libs/model/datasources/dbo_source.php, line 685]
2015-03-23 22:56:32 Warning: Warning (2): Invalid argument supplied for foreach() in [/opt/lampp/htdocs/cake/cake/libs/model/datasources/dbo_source.php, line 1105]
2015-03-23 23:00:05 Warning: Warning (512): <span style="color:Red;text-align:left"><b>SQL Error:</b> 1054: Unknown column 'Names.transfer_id' in 'field list'</span> in [/opt/lampp/htdocs/cake/cake/libs/model/datasources/dbo_source.php, line 685]
2015-03-23 23:00:05 Warning: Warning (2): Invalid argument supplied for foreach() in [/opt/lampp/htdocs/cake/cake/libs/model/datasources/dbo_source.php, line 1105]
2015-04-25 18:11:47 Warning: Warning (512): <span style="color:Red;text-align:left"><b>SQL Error:</b> 1064: You have an error in your SQL syntax; check the manual that corresponds to your MySQL server version for the right syntax to use near 'findAll' at line 1</span> in [/opt/lampp/htdocs/cake/cake/libs/model/datasources/dbo_source.php, line 685]
2015-04-25 18:12:39 Warning: Warning (512): <span style="color:Red;text-align:left"><b>SQL Error:</b> 1064: You have an error in your SQL syntax; check the manual that corresponds to your MySQL server version for the right syntax to use near 'findAll' at line 1</span> in [/opt/lampp/htdocs/cake/cake/libs/model/datasources/dbo_source.php, line 685]
2015-04-25 18:12:39 Warning: Warning (2): Invalid argument supplied for foreach() in [/opt/lampp/htdocs/cake/app/views/elements/linksList.ctp, line 1]
2015-04-25 18:23:08 Warning: Warning (512): <span style="color:Red;text-align:left"><b>SQL Error:</b> 1064: You have an error in your SQL syntax; check the manual that corresponds to your MySQL server version for the right syntax to use near 'findAll' at line 1</span> in [/opt/lampp/htdocs/cake/cake/libs/model/datasources/dbo_source.php, line 685]
2015-04-25 18:23:08 Warning: Warning (2): Invalid argument supplied for foreach() in [/opt/lampp/htdocs/cake/app/views/elements/linksList.ctp, line 1]
2015-04-25 18:24:35 Warning: Warning (512): <span style="color:Red;text-align:left"><b>SQL Error:</b> 1064: You have an error in your SQL syntax; check the manual that corresponds to your MySQL server version for the right syntax to use near 'findAll' at line 1</span> in [/opt/lampp/htdocs/cake/cake/libs/model/datasources/dbo_source.php, line 685]
2015-04-25 18:24:35 Warning: Warning (2): Invalid argument supplied for foreach() in [/opt/lampp/htdocs/cake/app/views/elements/linksList.ctp, line 1]
2015-04-25 18:24:53 Warning: Warning (512): <span style="color:Red;text-align:left"><b>SQL Error:</b> 1064: You have an error in your SQL syntax; check the manual that corresponds to your MySQL server version for the right syntax to use near 'findAll' at line 1</span> in [/opt/lampp/htdocs/cake/cake/libs/model/datasources/dbo_source.php, line 685]
2015-04-25 18:24:53 Warning: Warning (2): Invalid argument supplied for foreach() in [/opt/lampp/htdocs/cake/app/views/elements/linksList.ctp, line 1]
2015-04-25 18:24:54 Warning: Warning (512): <span style="color:Red;text-align:left"><b>SQL Error:</b> 1064: You have an error in your SQL syntax; check the manual that corresponds to your MySQL server version for the right syntax to use near 'findAll' at line 1</span> in [/opt/lampp/htdocs/cake/cake/libs/model/datasources/dbo_source.php, line 685]
2015-04-25 18:24:54 Warning: Warning (2): Invalid argument supplied for foreach() in [/opt/lampp/htdocs/cake/app/views/elements/linksList.ctp, line 1]
2015-04-25 18:24:55 Warning: Warning (512): <span style="color:Red;text-align:left"><b>SQL Error:</b> 1064: You have an error in your SQL syntax; check the manual that corresponds to your MySQL server version for the right syntax to use near 'findAll' at line 1</span> in [/opt/lampp/htdocs/cake/cake/libs/model/datasources/dbo_source.php, line 685]
2015-04-25 18:24:55 Warning: Warning (2): Invalid argument supplied for foreach() in [/opt/lampp/htdocs/cake/app/views/elements/linksList.ctp, line 1]
2015-04-25 18:25:35 Warning: Warning (512): <span style="color:Red;text-align:left"><b>SQL Error:</b> 1064: You have an error in your SQL syntax; check the manual that corresponds to your MySQL server version for the right syntax to use near 'findAll' at line 1</span> in [/opt/lampp/htdocs/cake/cake/libs/model/datasources/dbo_source.php, line 685]
2015-04-25 18:26:21 Warning: Warning (2): Invalid argument supplied for foreach() in [/opt/lampp/htdocs/cake/app/views/elements/linksList.ctp, line 6]
2015-04-25 18:26:56 Warning: Warning (2): Invalid argument supplied for foreach() in [/opt/lampp/htdocs/cake/app/views/elements/linksList.ctp, line 6]
2015-04-25 18:29:09 Warning: Warning (2): Invalid argument supplied for foreach() in [/opt/lampp/htdocs/cake/app/views/elements/linksList.ctp, line 6]
2015-04-25 18:30:00 Warning: Warning (2): Invalid argument supplied for foreach() in [/opt/lampp/htdocs/cake/app/views/elements/linksList.ctp, line 6]
2015-04-25 18:44:18 Warning: Warning (2): Missing argument 1 for CommentsController::add() in [/opt/lampp/htdocs/cake/app/controllers/comments_controller.php, line 7]
2015-04-27 17:33:07 Warning: Warning (2): Invalid argument supplied for foreach() in [/opt/lampp/htdocs/cake/app/views/elements/linksList.ctp, line 6]
2015-04-27 17:35:18 Warning: Warning (2): Invalid argument supplied for foreach() in [/opt/lampp/htdocs/cake/app/views/elements/linksList.ctp, line 6]
2015-04-27 17:35:43 Warning: Warning (2): Invalid argument supplied for foreach() in [/opt/lampp/htdocs/cake/app/views/elements/linksList.ctp, line 6]
2015-04-27 17:36:20 Warning: Warning (2): Invalid argument supplied for foreach() in [/opt/lampp/htdocs/cake/app/views/elements/linksList.ctp, line 8]
2015-04-27 17:37:06 Warning: Warning (2): Invalid argument supplied for foreach() in [/opt/lampp/htdocs/cake/app/views/elements/linksList.ctp, line 8]
2015-04-27 17:44:47 Warning: Warning (2): Invalid argument supplied for foreach() in [/opt/lampp/htdocs/cake/app/views/elements/linksList.ctp, line 8]
2015-04-27 17:44:59 Warning: Warning (2): Invalid argument supplied for foreach() in [/opt/lampp/htdocs/cake/app/views/elements/linksList.ctp, line 8]
2015-04-27 17:45:05 Warning: Warning (2): Invalid argument supplied for foreach() in [/opt/lampp/htdocs/cake/app/views/elements/linksList.ctp, line 8]
2015-11-11 04:29:05 Warning: Warning (2): Invalid argument supplied for foreach() in [/opt/lampp/htdocs/kaluna/app/views/menu/show.ctp, line 41]
2015-11-11 04:29:17 Warning: Warning (2): Invalid argument supplied for foreach() in [/opt/lampp/htdocs/kaluna/app/views/menu/show.ctp, line 41]
2015-11-11 04:40:45 Warning: Warning (2): Invalid argument supplied for foreach() in [/opt/lampp/htdocs/kaluna/app/views/menu/show.ctp, line 41]
2015-11-11 04:42:30 Warning: Warning (2): Invalid argument supplied for foreach() in [/opt/lampp/htdocs/kaluna/app/views/menu/show.ctp, line 41]
2015-11-11 04:43:11 Warning: Warning (2): Invalid argument supplied for foreach() in [/opt/lampp/htdocs/kaluna/app/views/menu/show.ctp, line 41]
2015-11-11 04:43:57 Warning: Warning (2): Invalid argument supplied for foreach() in [/opt/lampp/htdocs/kaluna/app/views/menu/show.ctp, line 41]
2015-11-11 04:47:12 Warning: Warning (2): Invalid argument supplied for foreach() in [/opt/lampp/htdocs/kaluna/app/views/menu/show.ctp, line 41]
2015-11-11 04:48:59 Warning: Warning (2): Invalid argument supplied for foreach() in [/opt/lampp/htdocs/kaluna/app/views/menu/show.ctp, line 41]
2015-11-11 04:49:43 Warning: Warning (2): Invalid argument supplied for foreach() in [/opt/lampp/htdocs/kaluna/app/views/menu/show.ctp, line 41]
2015-11-11 04:54:36 Warning: Warning (2): Invalid argument supplied for foreach() in [/opt/lampp/htdocs/kaluna/app/views/menu/show.ctp, line 41]
2015-11-11 04:56:34 Warning: Warning (2): Invalid argument supplied for foreach() in [/opt/lampp/htdocs/kaluna/app/views/menu/show.ctp, line 43]
2015-11-11 04:56:36 Warning: Warning (2): Invalid argument supplied for foreach() in [/opt/lampp/htdocs/kaluna/app/views/menu/show.ctp, line 43]
2015-11-11 04:56:50 Warning: Warning (2): Invalid argument supplied for foreach() in [/opt/lampp/htdocs/kaluna/app/views/menu/show.ctp, line 43]
2015-11-11 04:57:10 Warning: Warning (2): Invalid argument supplied for foreach() in [/opt/lampp/htdocs/kaluna/app/views/menu/show.ctp, line 43]
2015-11-11 04:57:39 Warning: Warning (2): Invalid argument supplied for foreach() in [/opt/lampp/htdocs/kaluna/app/views/menu/show.ctp, line 43]
2015-11-11 04:57:55 Warning: Warning (2): Invalid argument supplied for foreach() in [/opt/lampp/htdocs/kaluna/app/views/menu/show.ctp, line 43]
2015-11-11 04:58:12 Warning: Warning (2): Invalid argument supplied for foreach() in [/opt/lampp/htdocs/kaluna/app/views/menu/show.ctp, line 43]
2015-11-11 04:58:45 Warning: Warning (2): Invalid argument supplied for foreach() in [/opt/lampp/htdocs/kaluna/app/views/menu/show.ctp, line 43]
2015-11-11 04:59:04 Warning: Warning (2): Invalid argument supplied for foreach() in [/opt/lampp/htdocs/kaluna/app/views/menu/show.ctp, line 43]
2015-11-11 04:59:20 Warning: Warning (2): Invalid argument supplied for foreach() in [/opt/lampp/htdocs/kaluna/app/views/menu/show.ctp, line 43]
2015-11-11 05:02:14 Warning: Warning (2): Invalid argument supplied for foreach() in [/opt/lampp/htdocs/kaluna/app/views/menu/show.ctp, line 43]
2015-11-11 05:09:32 Warning: Warning (2): Invalid argument supplied for foreach() in [/opt/lampp/htdocs/kaluna/app/views/menu/show.ctp, line 43]
2015-11-11 05:10:08 Warning: Warning (2): Invalid argument supplied for foreach() in [/opt/lampp/htdocs/kaluna/app/views/menu/show.ctp, line 43]
2015-11-11 05:10:12 Warning: Warning (2): Invalid argument supplied for foreach() in [/opt/lampp/htdocs/kaluna/app/views/menu/show.ctp, line 43]
2015-11-12 05:59:35 Warning: Warning (2): Wrong parameter count for number_format() in [/opt/lampp/htdocs/kaluna/app/views/menu/show.ctp, line 20]
2015-11-12 09:51:31 Warning: Warning (2): mysql_fetch_array() expects parameter 1 to be resource, boolean given in [/opt/lampp/htdocs/kaluna/app/views/menu/app.ctp, line 30]
2015-11-12 09:53:55 Warning: Warning (2): mysql_fetch_array() expects parameter 1 to be resource, boolean given in [/opt/lampp/htdocs/kaluna/app/views/menu/app.ctp, line 30]
2015-11-12 09:54:47 Warning: Warning (2): mysql_fetch_array() expects parameter 1 to be resource, boolean given in [/opt/lampp/htdocs/kaluna/app/views/menu/app.ctp, line 30]
2015-11-12 10:01:41 Warning: Warning (2): mysql_fetch_array() expects parameter 1 to be resource, boolean given in [/opt/lampp/htdocs/kaluna/app/views/menu/app.ctp, line 30]
2015-12-05 07:20:52 Warning: Warning (512): <span style="color:Red;text-align:left"><b>SQL Error:</b> 1054: Unknown column 'User.full_name' in 'order clause'</span> in [/opt/lampp/htdocs/kaluna/cake/libs/model/datasources/dbo_source.php, line 685]
2015-12-05 07:21:27 Warning: Warning (512): <span style="color:Red;text-align:left"><b>SQL Error:</b> 1054: Unknown column 'User.full_name' in 'order clause'</span> in [/opt/lampp/htdocs/kaluna/cake/libs/model/datasources/dbo_source.php, line 685]
2015-12-05 07:21:33 Warning: Warning (512): <span style="color:Red;text-align:left"><b>SQL Error:</b> 1054: Unknown column 'User.full_name' in 'order clause'</span> in [/opt/lampp/htdocs/kaluna/cake/libs/model/datasources/dbo_source.php, line 685]
2015-12-08 07:46:53 Warning: Warning (512): <span style="color:Red;text-align:left"><b>SQL Error:</b> 1054: Unknown column 'LogfileRecord.date' in 'where clause'</span> in [/opt/lampp/htdocs/kaluna/cake/libs/model/datasources/dbo_source.php, line 685]
2015-12-10 12:05:29 Warning: Warning (2): Invalid argument supplied for foreach() in [/opt/lampp/htdocs/kaluna/app/views/elements/egresos_list.ctp, line 25]
2015-12-15 01:46:14 Warning: Warning (2): Invalid argument supplied for foreach() in [/opt/lampp/htdocs/kaluna/app/views/elements/egresos_list.ctp, line 29]
2015-12-15 01:48:46 Warning: Warning (2): Invalid argument supplied for foreach() in [/opt/lampp/htdocs/kaluna/app/views/elements/egresos_list.ctp, line 29]
2015-12-15 01:54:45 Warning: Warning (2): Invalid argument supplied for foreach() in [/opt/lampp/htdocs/kaluna/app/views/elements/egresos_list.ctp, line 29]
2015-12-15 18:53:00 Warning: Warning (2): Missing argument 2 for Controller::flash(), called in /var/www/html/kaluna/app/controllers/orders_controller.php on line 30 and defined in [/var/www/html/kaluna/cake/libs/controller/controller.php, line 973]
2015-12-15 19:00:45 Warning: Warning (2): Missing argument 2 for Controller::flash(), called in /var/www/html/kaluna/app/controllers/orders_controller.php on line 30 and defined in [/var/www/html/kaluna/cake/libs/controller/controller.php, line 973]
2015-12-15 19:01:53 Warning: Warning (2): Missing argument 2 for Controller::flash(), called in /var/www/html/kaluna/app/controllers/orders_controller.php on line 30 and defined in [/var/www/html/kaluna/cake/libs/controller/controller.php, line 973]
2015-12-15 19:03:27 Warning: Warning (2): Missing argument 2 for Controller::flash(), called in /var/www/html/kaluna/app/controllers/orders_controller.php on line 30 and defined in [/var/www/html/kaluna/cake/libs/controller/controller.php, line 973]
2015-12-15 19:03:50 Warning: Warning (2): Missing argument 2 for Controller::flash(), called in /var/www/html/kaluna/app/controllers/orders_controller.php on line 30 and defined in [/var/www/html/kaluna/cake/libs/controller/controller.php, line 973]
2015-12-17 10:24:49 Warning: Warning (2): Missing argument 2 for Controller::flash(), called in /var/www/html/kaluna/app/controllers/orders_controller.php on line 30 and defined in [/var/www/html/kaluna/cake/libs/controller/controller.php, line 973]
2015-12-17 10:25:09 Warning: Warning (2): Missing argument 2 for Controller::flash(), called in /var/www/html/kaluna/app/controllers/orders_controller.php on line 30 and defined in [/var/www/html/kaluna/cake/libs/controller/controller.php, line 973]
2015-12-17 10:25:42 Warning: Warning (2): Missing argument 2 for Controller::flash(), called in /var/www/html/kaluna/app/controllers/orders_controller.php on line 30 and defined in [/var/www/html/kaluna/cake/libs/controller/controller.php, line 973]
2015-12-17 10:26:08 Warning: Warning (2): Missing argument 2 for Controller::flash(), called in /var/www/html/kaluna/app/controllers/orders_controller.php on line 30 and defined in [/var/www/html/kaluna/cake/libs/controller/controller.php, line 973]
2015-12-17 10:26:23 Warning: Warning (2): Missing argument 2 for Controller::flash(), called in /var/www/html/kaluna/app/controllers/orders_controller.php on line 30 and defined in [/var/www/html/kaluna/cake/libs/controller/controller.php, line 973]
2015-12-17 10:26:33 Warning: Warning (2): Missing argument 2 for Controller::flash(), called in /var/www/html/kaluna/app/controllers/orders_controller.php on line 30 and defined in [/var/www/html/kaluna/cake/libs/controller/controller.php, line 973]
2015-12-17 10:26:49 Warning: Warning (2): Missing argument 2 for Controller::flash(), called in /var/www/html/kaluna/app/controllers/orders_controller.php on line 30 and defined in [/var/www/html/kaluna/cake/libs/controller/controller.php, line 973]
2015-12-17 10:27:23 Warning: Warning (2): Missing argument 2 for Controller::flash(), called in /var/www/html/kaluna/app/controllers/orders_controller.php on line 30 and defined in [/var/www/html/kaluna/cake/libs/controller/controller.php, line 973]
2015-12-17 10:27:37 Warning: Warning (2): Missing argument 2 for Controller::flash(), called in /var/www/html/kaluna/app/controllers/orders_controller.php on line 30 and defined in [/var/www/html/kaluna/cake/libs/controller/controller.php, line 973]
2015-12-17 10:29:58 Warning: Warning (2): Missing argument 2 for Controller::flash(), called in /var/www/html/kaluna/app/controllers/orders_controller.php on line 30 and defined in [/var/www/html/kaluna/cake/libs/controller/controller.php, line 973]
2015-12-17 10:30:29 Warning: Warning (2): Missing argument 2 for Controller::flash(), called in /var/www/html/kaluna/app/controllers/orders_controller.php on line 30 and defined in [/var/www/html/kaluna/cake/libs/controller/controller.php, line 973]
2015-12-17 10:30:50 Warning: Warning (2): Missing argument 2 for Controller::flash(), called in /var/www/html/kaluna/app/controllers/orders_controller.php on line 30 and defined in [/var/www/html/kaluna/cake/libs/controller/controller.php, line 973]
2015-12-17 10:31:32 Warning: Warning (2): Missing argument 2 for Controller::flash(), called in /var/www/html/kaluna/app/controllers/orders_controller.php on line 30 and defined in [/var/www/html/kaluna/cake/libs/controller/controller.php, line 973]
2015-12-17 10:31:50 Warning: Warning (2): Missing argument 2 for Controller::flash(), called in /var/www/html/kaluna/app/controllers/orders_controller.php on line 30 and defined in [/var/www/html/kaluna/cake/libs/controller/controller.php, line 973]
2015-12-17 10:32:17 Warning: Warning (2): Missing argument 2 for Controller::flash(), called in /var/www/html/kaluna/app/controllers/orders_controller.php on line 30 and defined in [/var/www/html/kaluna/cake/libs/controller/controller.php, line 973]
2015-12-17 10:32:33 Warning: Warning (2): Missing argument 2 for Controller::flash(), called in /var/www/html/kaluna/app/controllers/orders_controller.php on line 30 and defined in [/var/www/html/kaluna/cake/libs/controller/controller.php, line 973]
2015-12-17 10:32:49 Warning: Warning (2): Missing argument 2 for Controller::flash(), called in /var/www/html/kaluna/app/controllers/orders_controller.php on line 30 and defined in [/var/www/html/kaluna/cake/libs/controller/controller.php, line 973]
2015-12-17 10:34:14 Warning: Warning (2): Missing argument 2 for Controller::flash(), called in /var/www/html/kaluna/app/controllers/orders_controller.php on line 30 and defined in [/var/www/html/kaluna/cake/libs/controller/controller.php, line 973]
2015-12-17 10:34:35 Warning: Warning (2): Missing argument 2 for Controller::flash(), called in /var/www/html/kaluna/app/controllers/orders_controller.php on line 30 and defined in [/var/www/html/kaluna/cake/libs/controller/controller.php, line 973]
2015-12-17 10:34:55 Warning: Warning (2): Missing argument 2 for Controller::flash(), called in /var/www/html/kaluna/app/controllers/orders_controller.php on line 30 and defined in [/var/www/html/kaluna/cake/libs/controller/controller.php, line 973]
2015-12-17 10:35:16 Warning: Warning (2): Missing argument 2 for Controller::flash(), called in /var/www/html/kaluna/app/controllers/orders_controller.php on line 30 and defined in [/var/www/html/kaluna/cake/libs/controller/controller.php, line 973]
2015-12-17 10:36:14 Warning: Warning (2): Missing argument 2 for Controller::flash(), called in /var/www/html/kaluna/app/controllers/orders_controller.php on line 30 and defined in [/var/www/html/kaluna/cake/libs/controller/controller.php, line 973]
2015-12-17 10:36:30 Warning: Warning (2): Missing argument 2 for Controller::flash(), called in /var/www/html/kaluna/app/controllers/orders_controller.php on line 30 and defined in [/var/www/html/kaluna/cake/libs/controller/controller.php, line 973]
2015-12-17 10:36:46 Warning: Warning (2): Missing argument 2 for Controller::flash(), called in /var/www/html/kaluna/app/controllers/orders_controller.php on line 30 and defined in [/var/www/html/kaluna/cake/libs/controller/controller.php, line 973]
2015-12-17 10:39:14 Warning: Warning (2): Missing argument 2 for Controller::flash(), called in /var/www/html/kaluna/app/controllers/orders_controller.php on line 30 and defined in [/var/www/html/kaluna/cake/libs/controller/controller.php, line 973]
2015-12-17 10:39:32 Warning: Warning (2): Missing argument 2 for Controller::flash(), called in /var/www/html/kaluna/app/controllers/orders_controller.php on line 30 and defined in [/var/www/html/kaluna/cake/libs/controller/controller.php, line 973]
2015-12-17 10:40:15 Warning: Warning (2): Missing argument 2 for Controller::flash(), called in /var/www/html/kaluna/app/controllers/orders_controller.php on line 30 and defined in [/var/www/html/kaluna/cake/libs/controller/controller.php, line 973]
2015-12-17 10:40:36 Warning: Warning (2): Missing argument 2 for Controller::flash(), called in /var/www/html/kaluna/app/controllers/orders_controller.php on line 30 and defined in [/var/www/html/kaluna/cake/libs/controller/controller.php, line 973]
2015-12-17 10:41:09 Warning: Warning (2): Missing argument 2 for Controller::flash(), called in /var/www/html/kaluna/app/controllers/orders_controller.php on line 30 and defined in [/var/www/html/kaluna/cake/libs/controller/controller.php, line 973]
2015-12-17 10:43:04 Warning: Warning (2): Missing argument 2 for Controller::flash(), called in /var/www/html/kaluna/app/controllers/orders_controller.php on line 30 and defined in [/var/www/html/kaluna/cake/libs/controller/controller.php, line 973]
2015-12-17 10:43:16 Warning: Warning (2): Missing argument 2 for Controller::flash(), called in /var/www/html/kaluna/app/controllers/orders_controller.php on line 30 and defined in [/var/www/html/kaluna/cake/libs/controller/controller.php, line 973]
2015-12-17 10:43:35 Warning: Warning (2): Missing argument 2 for Controller::flash(), called in /var/www/html/kaluna/app/controllers/orders_controller.php on line 30 and defined in [/var/www/html/kaluna/cake/libs/controller/controller.php, line 973]
2015-12-17 10:43:55 Warning: Warning (2): Missing argument 2 for Controller::flash(), called in /var/www/html/kaluna/app/controllers/orders_controller.php on line 30 and defined in [/var/www/html/kaluna/cake/libs/controller/controller.php, line 973]
2015-12-17 10:44:06 Warning: Warning (2): Missing argument 2 for Controller::flash(), called in /var/www/html/kaluna/app/controllers/orders_controller.php on line 30 and defined in [/var/www/html/kaluna/cake/libs/controller/controller.php, line 973]
2015-12-17 10:44:23 Warning: Warning (2): Missing argument 2 for Controller::flash(), called in /var/www/html/kaluna/app/controllers/orders_controller.php on line 30 and defined in [/var/www/html/kaluna/cake/libs/controller/controller.php, line 973]
2015-12-17 10:44:27 Warning: Warning (2): Missing argument 2 for Controller::flash(), called in /var/www/html/kaluna/app/controllers/orders_controller.php on line 30 and defined in [/var/www/html/kaluna/cake/libs/controller/controller.php, line 973]
2015-12-17 10:45:02 Warning: Warning (2): Missing argument 2 for Controller::flash(), called in /var/www/html/kaluna/app/controllers/orders_controller.php on line 30 and defined in [/var/www/html/kaluna/cake/libs/controller/controller.php, line 973]
2015-12-17 10:45:15 Warning: Warning (2): Missing argument 2 for Controller::flash(), called in /var/www/html/kaluna/app/controllers/orders_controller.php on line 30 and defined in [/var/www/html/kaluna/cake/libs/controller/controller.php, line 973]
2015-12-17 10:45:30 Warning: Warning (2): Missing argument 2 for Controller::flash(), called in /var/www/html/kaluna/app/controllers/orders_controller.php on line 30 and defined in [/var/www/html/kaluna/cake/libs/controller/controller.php, line 973]
2015-12-17 10:45:46 Warning: Warning (2): Missing argument 2 for Controller::flash(), called in /var/www/html/kaluna/app/controllers/orders_controller.php on line 30 and defined in [/var/www/html/kaluna/cake/libs/controller/controller.php, line 973]
2015-12-17 10:46:03 Warning: Warning (2): Missing argument 2 for Controller::flash(), called in /var/www/html/kaluna/app/controllers/orders_controller.php on line 30 and defined in [/var/www/html/kaluna/cake/libs/controller/controller.php, line 973]
2015-12-17 10:46:31 Warning: Warning (2): Missing argument 2 for Controller::flash(), called in /var/www/html/kaluna/app/controllers/orders_controller.php on line 30 and defined in [/var/www/html/kaluna/cake/libs/controller/controller.php, line 973]
2015-12-17 10:46:49 Warning: Warning (2): Missing argument 2 for Controller::flash(), called in /var/www/html/kaluna/app/controllers/orders_controller.php on line 30 and defined in [/var/www/html/kaluna/cake/libs/controller/controller.php, line 973]
2015-12-17 10:47:05 Warning: Warning (2): Missing argument 2 for Controller::flash(), called in /var/www/html/kaluna/app/controllers/orders_controller.php on line 30 and defined in [/var/www/html/kaluna/cake/libs/controller/controller.php, line 973]
2015-12-17 10:48:02 Warning: Warning (2): Missing argument 2 for Controller::flash(), called in /var/www/html/kaluna/app/controllers/orders_controller.php on line 30 and defined in [/var/www/html/kaluna/cake/libs/controller/controller.php, line 973]
2015-12-17 10:49:12 Warning: Warning (2): Missing argument 2 for Controller::flash(), called in /var/www/html/kaluna/app/controllers/orders_controller.php on line 30 and defined in [/var/www/html/kaluna/cake/libs/controller/controller.php, line 973]
2015-12-17 10:49:31 Warning: Warning (2): Missing argument 2 for Controller::flash(), called in /var/www/html/kaluna/app/controllers/orders_controller.php on line 30 and defined in [/var/www/html/kaluna/cake/libs/controller/controller.php, line 973]
2015-12-17 10:51:04 Warning: Warning (2): Missing argument 2 for Controller::flash(), called in /var/www/html/kaluna/app/controllers/orders_controller.php on line 30 and defined in [/var/www/html/kaluna/cake/libs/controller/controller.php, line 973]
2015-12-17 10:52:13 Warning: Warning (2): Missing argument 2 for Controller::flash(), called in /var/www/html/kaluna/app/controllers/orders_controller.php on line 30 and defined in [/var/www/html/kaluna/cake/libs/controller/controller.php, line 973]
2015-12-17 10:53:27 Warning: Warning (2): Missing argument 2 for Controller::flash(), called in /var/www/html/kaluna/app/controllers/orders_controller.php on line 30 and defined in [/var/www/html/kaluna/cake/libs/controller/controller.php, line 973]
2015-12-17 10:53:50 Warning: Warning (2): Missing argument 2 for Controller::flash(), called in /var/www/html/kaluna/app/controllers/orders_controller.php on line 30 and defined in [/var/www/html/kaluna/cake/libs/controller/controller.php, line 973]
2015-12-17 10:54:17 Warning: Warning (2): Missing argument 2 for Controller::flash(), called in /var/www/html/kaluna/app/controllers/orders_controller.php on line 30 and defined in [/var/www/html/kaluna/cake/libs/controller/controller.php, line 973]
2015-12-17 10:54:45 Warning: Warning (2): Missing argument 2 for Controller::flash(), called in /var/www/html/kaluna/app/controllers/orders_controller.php on line 30 and defined in [/var/www/html/kaluna/cake/libs/controller/controller.php, line 973]
2015-12-17 10:55:15 Warning: Warning (2): Missing argument 2 for Controller::flash(), called in /var/www/html/kaluna/app/controllers/orders_controller.php on line 30 and defined in [/var/www/html/kaluna/cake/libs/controller/controller.php, line 973]
2015-12-17 10:57:01 Warning: Warning (2): Missing argument 2 for Controller::flash(), called in /var/www/html/kaluna/app/controllers/orders_controller.php on line 30 and defined in [/var/www/html/kaluna/cake/libs/controller/controller.php, line 973]
2015-12-17 10:58:53 Warning: Warning (2): Missing argument 2 for Controller::flash(), called in /var/www/html/kaluna/app/controllers/orders_controller.php on line 30 and defined in [/var/www/html/kaluna/cake/libs/controller/controller.php, line 973]
2015-12-17 10:59:10 Warning: Warning (2): Missing argument 2 for Controller::flash(), called in /var/www/html/kaluna/app/controllers/orders_controller.php on line 30 and defined in [/var/www/html/kaluna/cake/libs/controller/controller.php, line 973]
2015-12-17 10:59:28 Warning: Warning (2): Missing argument 2 for Controller::flash(), called in /var/www/html/kaluna/app/controllers/orders_controller.php on line 30 and defined in [/var/www/html/kaluna/cake/libs/controller/controller.php, line 973]
2015-12-17 10:59:50 Warning: Warning (2): Missing argument 2 for Controller::flash(), called in /var/www/html/kaluna/app/controllers/orders_controller.php on line 30 and defined in [/var/www/html/kaluna/cake/libs/controller/controller.php, line 973]
2015-12-17 11:00:17 Warning: Warning (2): Missing argument 2 for Controller::flash(), called in /var/www/html/kaluna/app/controllers/orders_controller.php on line 30 and defined in [/var/www/html/kaluna/cake/libs/controller/controller.php, line 973]
2015-12-17 11:01:00 Warning: Warning (2): Missing argument 2 for Controller::flash(), called in /var/www/html/kaluna/app/controllers/orders_controller.php on line 30 and defined in [/var/www/html/kaluna/cake/libs/controller/controller.php, line 973]
2015-12-17 11:01:19 Warning: Warning (2): Missing argument 2 for Controller::flash(), called in /var/www/html/kaluna/app/controllers/orders_controller.php on line 30 and defined in [/var/www/html/kaluna/cake/libs/controller/controller.php, line 973]
2015-12-17 11:01:40 Warning: Warning (2): Missing argument 2 for Controller::flash(), called in /var/www/html/kaluna/app/controllers/orders_controller.php on line 30 and defined in [/var/www/html/kaluna/cake/libs/controller/controller.php, line 973]
2015-12-17 11:02:08 Warning: Warning (2): Missing argument 2 for Controller::flash(), called in /var/www/html/kaluna/app/controllers/orders_controller.php on line 30 and defined in [/var/www/html/kaluna/cake/libs/controller/controller.php, line 973]
2015-12-17 11:02:31 Warning: Warning (2): Missing argument 2 for Controller::flash(), called in /var/www/html/kaluna/app/controllers/orders_controller.php on line 30 and defined in [/var/www/html/kaluna/cake/libs/controller/controller.php, line 973]
2015-12-17 11:03:06 Warning: Warning (2): Missing argument 2 for Controller::flash(), called in /var/www/html/kaluna/app/controllers/orders_controller.php on line 30 and defined in [/var/www/html/kaluna/cake/libs/controller/controller.php, line 973]
2015-12-17 11:03:28 Warning: Warning (2): Missing argument 2 for Controller::flash(), called in /var/www/html/kaluna/app/controllers/orders_controller.php on line 30 and defined in [/var/www/html/kaluna/cake/libs/controller/controller.php, line 973]
2015-12-17 11:03:57 Warning: Warning (2): Missing argument 2 for Controller::flash(), called in /var/www/html/kaluna/app/controllers/orders_controller.php on line 30 and defined in [/var/www/html/kaluna/cake/libs/controller/controller.php, line 973]
2015-12-17 11:04:17 Warning: Warning (2): Missing argument 2 for Controller::flash(), called in /var/www/html/kaluna/app/controllers/orders_controller.php on line 30 and defined in [/var/www/html/kaluna/cake/libs/controller/controller.php, line 973]
2015-12-17 11:04:34 Warning: Warning (2): Missing argument 2 for Controller::flash(), called in /var/www/html/kaluna/app/controllers/orders_controller.php on line 30 and defined in [/var/www/html/kaluna/cake/libs/controller/controller.php, line 973]
2015-12-17 11:06:44 Warning: Warning (2): Missing argument 2 for Controller::flash(), called in /var/www/html/kaluna/app/controllers/orders_controller.php on line 30 and defined in [/var/www/html/kaluna/cake/libs/controller/controller.php, line 973]
2015-12-17 11:07:07 Warning: Warning (2): Missing argument 2 for Controller::flash(), called in /var/www/html/kaluna/app/controllers/orders_controller.php on line 30 and defined in [/var/www/html/kaluna/cake/libs/controller/controller.php, line 973]
2015-12-17 11:07:59 Warning: Warning (2): Missing argument 2 for Controller::flash(), called in /var/www/html/kaluna/app/controllers/orders_controller.php on line 30 and defined in [/var/www/html/kaluna/cake/libs/controller/controller.php, line 973]
2015-12-17 11:08:20 Warning: Warning (2): Missing argument 2 for Controller::flash(), called in /var/www/html/kaluna/app/controllers/orders_controller.php on line 30 and defined in [/var/www/html/kaluna/cake/libs/controller/controller.php, line 973]
2015-12-17 11:08:34 Warning: Warning (2): Missing argument 2 for Controller::flash(), called in /var/www/html/kaluna/app/controllers/orders_controller.php on line 30 and defined in [/var/www/html/kaluna/cake/libs/controller/controller.php, line 973]
2015-12-17 11:08:58 Warning: Warning (2): Missing argument 2 for Controller::flash(), called in /var/www/html/kaluna/app/controllers/orders_controller.php on line 30 and defined in [/var/www/html/kaluna/cake/libs/controller/controller.php, line 973]
2015-12-17 11:09:31 Warning: Warning (2): Missing argument 2 for Controller::flash(), called in /var/www/html/kaluna/app/controllers/orders_controller.php on line 30 and defined in [/var/www/html/kaluna/cake/libs/controller/controller.php, line 973]
2015-12-17 11:10:16 Warning: Warning (2): Missing argument 2 for Controller::flash(), called in /var/www/html/kaluna/app/controllers/orders_controller.php on line 30 and defined in [/var/www/html/kaluna/cake/libs/controller/controller.php, line 973]
2015-12-17 11:10:52 Warning: Warning (2): Missing argument 2 for Controller::flash(), called in /var/www/html/kaluna/app/controllers/orders_controller.php on line 30 and defined in [/var/www/html/kaluna/cake/libs/controller/controller.php, line 973]
2015-12-17 11:11:46 Warning: Warning (2): Missing argument 2 for Controller::flash(), called in /var/www/html/kaluna/app/controllers/orders_controller.php on line 30 and defined in [/var/www/html/kaluna/cake/libs/controller/controller.php, line 973]
2015-12-17 11:12:13 Warning: Warning (2): Missing argument 2 for Controller::flash(), called in /var/www/html/kaluna/app/controllers/orders_controller.php on line 30 and defined in [/var/www/html/kaluna/cake/libs/controller/controller.php, line 973]
2015-12-17 11:12:58 Warning: Warning (2): Missing argument 2 for Controller::flash(), called in /var/www/html/kaluna/app/controllers/orders_controller.php on line 30 and defined in [/var/www/html/kaluna/cake/libs/controller/controller.php, line 973]
2015-12-17 11:13:17 Warning: Warning (2): Missing argument 2 for Controller::flash(), called in /var/www/html/kaluna/app/controllers/orders_controller.php on line 30 and defined in [/var/www/html/kaluna/cake/libs/controller/controller.php, line 973]
2015-12-17 11:13:39 Warning: Warning (2): Missing argument 2 for Controller::flash(), called in /var/www/html/kaluna/app/controllers/orders_controller.php on line 30 and defined in [/var/www/html/kaluna/cake/libs/controller/controller.php, line 973]
2015-12-17 11:14:13 Warning: Warning (2): Missing argument 2 for Controller::flash(), called in /var/www/html/kaluna/app/controllers/orders_controller.php on line 30 and defined in [/var/www/html/kaluna/cake/libs/controller/controller.php, line 973]
2015-12-17 11:14:31 Warning: Warning (2): Missing argument 2 for Controller::flash(), called in /var/www/html/kaluna/app/controllers/orders_controller.php on line 30 and defined in [/var/www/html/kaluna/cake/libs/controller/controller.php, line 973]
2015-12-17 11:14:51 Warning: Warning (2): Missing argument 2 for Controller::flash(), called in /var/www/html/kaluna/app/controllers/orders_controller.php on line 30 and defined in [/var/www/html/kaluna/cake/libs/controller/controller.php, line 973]
2015-12-17 11:15:27 Warning: Warning (2): Missing argument 2 for Controller::flash(), called in /var/www/html/kaluna/app/controllers/orders_controller.php on line 30 and defined in [/var/www/html/kaluna/cake/libs/controller/controller.php, line 973]
2015-12-17 11:16:48 Warning: Warning (2): Missing argument 2 for Controller::flash(), called in /var/www/html/kaluna/app/controllers/orders_controller.php on line 30 and defined in [/var/www/html/kaluna/cake/libs/controller/controller.php, line 973]
2015-12-17 11:17:18 Warning: Warning (2): Missing argument 2 for Controller::flash(), called in /var/www/html/kaluna/app/controllers/orders_controller.php on line 30 and defined in [/var/www/html/kaluna/cake/libs/controller/controller.php, line 973]
2015-12-17 11:17:38 Warning: Warning (2): Missing argument 2 for Controller::flash(), called in /var/www/html/kaluna/app/controllers/orders_controller.php on line 30 and defined in [/var/www/html/kaluna/cake/libs/controller/controller.php, line 973]
2015-12-17 11:17:56 Warning: Warning (2): Missing argument 2 for Controller::flash(), called in /var/www/html/kaluna/app/controllers/orders_controller.php on line 30 and defined in [/var/www/html/kaluna/cake/libs/controller/controller.php, line 973]
2016-01-10 21:51:49 Warning: Warning (2): Missing argument 2 for Controller::flash(), called in /opt/lampp/htdocs/kaluna/app/controllers/shoppings_controller.php on line 30 and defined in [/opt/lampp/htdocs/kaluna/cake/libs/controller/controller.php, line 973]
2016-01-12 05:12:44 Warning: Warning (2): Missing argument 2 for Controller::flash(), called in /opt/lampp/htdocs/kaluna/app/controllers/shoppings_controller.php on line 30 and defined in [/opt/lampp/htdocs/kaluna/cake/libs/controller/controller.php, line 973]
2016-01-14 06:44:31 Warning: Warning (2): Missing argument 2 for Controller::flash(), called in /opt/lampp/htdocs/kaluna/app/controllers/shoppings_controller.php on line 30 and defined in [/opt/lampp/htdocs/kaluna/cake/libs/controller/controller.php, line 973]
2016-01-14 06:53:15 Warning: Warning (2): Missing argument 2 for Controller::flash(), called in /opt/lampp/htdocs/kaluna/app/controllers/orders_controller.php on line 30 and defined in [/opt/lampp/htdocs/kaluna/cake/libs/controller/controller.php, line 973]
